#
# A fatal error has been detected by the Java Runtime Environment:
#
#  Internal Error (javaClasses.cpp:124), pid=25368, tid=140018140706560
#  fatal error: Invalid layout of preloaded class
#
# JRE version:  (8.0_05-b13) (build )
# Java VM: Java HotSpot(TM) 64-Bit Server VM (25.5-b02 mixed mode linux-amd64 compressed oops)
# Failed to write core dump. Core dumps have been disabled. To enable core dumping, try "ulimit -c unlimited" before starting Java again
#
# If you would like to submit a bug report, please visit:
#   http://bugreport.sun.com/bugreport/crash.jsp
#

---------------  T H R E A D  ---------------

Current thread (0x00007f587c00c000):  JavaThread "Unknown thread" [_thread_in_vm, id=25369, stack(0x00007f588379f000,0x00007f58838a0000)]

Stack: [0x00007f588379f000,0x00007f58838a0000],  sp=0x00007f588389e7e0,  free space=1021k
Native frames: (J=compiled Java code, j=interpreted, Vv=VM code, C=native code)
V  [libjvm.so+0xa2f43a]  VMError::report_and_die()+0x2ca
V  [libjvm.so+0x4b2809]  report_fatal(char const*, int, char const*)+0x59
V  [libjvm.so+0x63016c]  compute_offset(int&, Klass*, Symbol*, Symbol*, bool)+0x20c
V  [libjvm.so+0x630f19]  java_lang_String::compute_offsets()+0x39
V  [libjvm.so+0x9aeb46]  SystemDictionary::initialize_preloaded_classes(Thread*)+0x86
V  [libjvm.so+0x9fc79c]  Universe::genesis(Thread*)+0x3cc
V  [libjvm.so+0x9fca4c]  universe2_init()+0x2c
V  [libjvm.so+0x5d461d]  init_globals()+0xbd
V  [libjvm.so+0x9e44ad]  Threads::create_vm(JavaVMInitArgs*, bool*)+0x24d
V  [libjvm.so+0x6659f4]  JNI_CreateJavaVM+0x74
C  [libjli.so+0x703e]  JavaMain+0x9e


---------------  P R O C E S S  ---------------

Java Threads: ( => current thread )

Other Threads:

=>0x00007f587c00c000 (exited) JavaThread "Unknown thread" [_thread_in_vm, id=25369, stack(0x00007f588379f000,0x00007f58838a0000)]

VM state:not at safepoint (not fully initialized)

VM Mutex/Monitor currently owned by a thread: None

GC Heap History (0 events):
No events

Deoptimization events (0 events):
No events

Internal exceptions (0 events):
No events

Events (10 events):
Event: 0.008 loading class java/lang/CharSequence done
Event: 0.008 loading class java/lang/String done
Event: 0.008 loading class java/lang/Class
Event: 0.008 loading class java/lang/reflect/AnnotatedElement
Event: 0.008 loading class java/lang/reflect/AnnotatedElement done
Event: 0.008 loading class java/lang/reflect/GenericDeclaration
Event: 0.008 loading class java/lang/reflect/GenericDeclaration done
Event: 0.008 loading class java/lang/reflect/Type
Event: 0.008 loading class java/lang/reflect/Type done
Event: 0.008 loading class java/lang/Class done


Dynamic libraries:
00400000-00401000 r-xp 00000000 08:05 3805286                            /usr/lib/jvm/java-8-oracle/bin/java
00600000-00601000 rw-p 00000000 08:05 3805286                            /usr/lib/jvm/java-8-oracle/bin/java
01f5d000-01f7e000 rw-p 00000000 00:00 0                                  [heap]
83800000-8b480000 rw-p 00000000 00:00 0 
8b480000-d6800000 ---p 00000000 00:00 0 
d6800000-d6980000 rw-p 00000000 00:00 0 
d6980000-100000000 ---p 00000000 00:00 0 
100000000-100060000 rw-p 00000000 00:00 0 
100060000-140000000 ---p 00000000 00:00 0 
7f5850000000-7f5850021000 rw-p 00000000 00:00 0 
7f5850021000-7f5854000000 ---p 00000000 00:00 0 
7f5858000000-7f5858021000 rw-p 00000000 00:00 0 
7f5858021000-7f585c000000 ---p 00000000 00:00 0 
7f585f29b000-7f585f81c000 rw-p 00000000 00:00 0 
7f585f81c000-7f585fc1c000 ---p 00000000 00:00 0 
7f585fc1c000-7f5860000000 rw-p 00000000 00:00 0 
7f5860000000-7f5860021000 rw-p 00000000 00:00 0 
7f5860021000-7f5864000000 ---p 00000000 00:00 0 
7f58640d9000-7f5868000000 rw-p 00000000 00:00 0 
7f5868000000-7f5868021000 rw-p 00000000 00:00 0 
7f5868021000-7f586c000000 ---p 00000000 00:00 0 
7f586c072000-7f586c149000 r--s 013fe000 08:05 8002476                    /home/niek/Developer/adt-bundle-linux-x86_64-20140321/sdk/platforms/android-19/android.jar
7f586c149000-7f586c1bf000 rw-p 00000000 00:00 0 
7f586c1bf000-7f586c1c0000 ---p 00000000 00:00 0 
7f586c1c0000-7f586c2c0000 rw-p 00000000 00:00 0 
7f586c2c0000-7f586c2c1000 ---p 00000000 00:00 0 
7f586c2c1000-7f586c3c1000 rw-p 00000000 00:00 0 
7f586c3c1000-7f586c3c2000 ---p 00000000 00:00 0 
7f586c3c2000-7f586c4c2000 rw-p 00000000 00:00 0 
7f586c4c2000-7f586c4c3000 ---p 00000000 00:00 0 
7f586c4c3000-7f586c602000 rw-p 00000000 00:00 0 
7f586c602000-7f586c85b000 ---p 00000000 00:00 0 
7f586c85b000-7f586c89a000 rw-p 00000000 00:00 0 
7f586c89a000-7f586caf3000 ---p 00000000 00:00 0 
7f586caf3000-7f586caf4000 rw-p 00000000 00:00 0 
7f586caf4000-7f586cc3f000 ---p 00000000 00:00 0 
7f586cc3f000-7f586cc4a000 rw-p 00000000 00:00 0 
7f586cc4a000-7f586d000000 ---p 00000000 00:00 0 
7f586d000000-7f586d270000 rwxp 00000000 00:00 0 
7f586d270000-7f587c000000 ---p 00000000 00:00 0 
7f587c000000-7f587c053000 rw-p 00000000 00:00 0 
7f587c053000-7f5880000000 ---p 00000000 00:00 0 
7f588006b000-7f5880087000 r-xp 00000000 08:05 3935275                    /usr/lib/jvm/java-8-oracle/jre/lib/amd64/libzip.so
7f5880087000-7f5880286000 ---p 0001c000 08:05 3935275                    /usr/lib/jvm/java-8-oracle/jre/lib/amd64/libzip.so
7f5880286000-7f5880287000 rw-p 0001b000 08:05 3935275                    /usr/lib/jvm/java-8-oracle/jre/lib/amd64/libzip.so
7f5880287000-7f5880293000 r-xp 00000000 08:05 5243001                    /lib/x86_64-linux-gnu/libnss_files-2.15.so
7f5880293000-7f5880492000 ---p 0000c000 08:05 5243001                    /lib/x86_64-linux-gnu/libnss_files-2.15.so
7f5880492000-7f5880493000 r--p 0000b000 08:05 5243001                    /lib/x86_64-linux-gnu/libnss_files-2.15.so
7f5880493000-7f5880494000 rw-p 0000c000 08:05 5243001                    /lib/x86_64-linux-gnu/libnss_files-2.15.so
7f5880494000-7f588049e000 r-xp 00000000 08:05 5243005                    /lib/x86_64-linux-gnu/libnss_nis-2.15.so
7f588049e000-7f588069e000 ---p 0000a000 08:05 5243005                    /lib/x86_64-linux-gnu/libnss_nis-2.15.so
7f588069e000-7f588069f000 r--p 0000a000 08:05 5243005                    /lib/x86_64-linux-gnu/libnss_nis-2.15.so
7f588069f000-7f58806a0000 rw-p 0000b000 08:05 5243005                    /lib/x86_64-linux-gnu/libnss_nis-2.15.so
7f58806a0000-7f58806b7000 r-xp 00000000 08:05 5246926                    /lib/x86_64-linux-gnu/libnsl-2.15.so
7f58806b7000-7f58808b6000 ---p 00017000 08:05 5246926                    /lib/x86_64-linux-gnu/libnsl-2.15.so
7f58808b6000-7f58808b7000 r--p 00016000 08:05 5246926                    /lib/x86_64-linux-gnu/libnsl-2.15.so
7f58808b7000-7f58808b8000 rw-p 00017000 08:05 5246926                    /lib/x86_64-linux-gnu/libnsl-2.15.so
7f58808b8000-7f58808ba000 rw-p 00000000 00:00 0 
7f58808ba000-7f58808c2000 r-xp 00000000 08:05 5242999                    /lib/x86_64-linux-gnu/libnss_compat-2.15.so
7f58808c2000-7f5880ac1000 ---p 00008000 08:05 5242999                    /lib/x86_64-linux-gnu/libnss_compat-2.15.so
7f5880ac1000-7f5880ac2000 r--p 00007000 08:05 5242999                    /lib/x86_64-linux-gnu/libnss_compat-2.15.so
7f5880ac2000-7f5880ac3000 rw-p 00008000 08:05 5242999                    /lib/x86_64-linux-gnu/libnss_compat-2.15.so
7f5880ac3000-7f5881001000 r--p 00000000 08:05 3805220                    /usr/lib/locale/locale-archive
7f5881001000-7f5881004000 r-xp 00000000 08:05 3935241                    /usr/lib/jvm/java-8-oracle/jre/lib/amd64/libnpt.so
7f5881004000-7f5881203000 ---p 00003000 08:05 3935241                    /usr/lib/jvm/java-8-oracle/jre/lib/amd64/libnpt.so
7f5881203000-7f5881204000 rw-p 00002000 08:05 3935241                    /usr/lib/jvm/java-8-oracle/jre/lib/amd64/libnpt.so
7f5881204000-7f588123d000 r-xp 00000000 08:05 3935252                    /usr/lib/jvm/java-8-oracle/jre/lib/amd64/libjdwp.so
7f588123d000-7f588143c000 ---p 00039000 08:05 3935252                    /usr/lib/jvm/java-8-oracle/jre/lib/amd64/libjdwp.so
7f588143c000-7f588143e000 rw-p 00038000 08:05 3935252                    /usr/lib/jvm/java-8-oracle/jre/lib/amd64/libjdwp.so
7f588143e000-7f5881468000 r-xp 00000000 08:05 3935265                    /usr/lib/jvm/java-8-oracle/jre/lib/amd64/libjava.so
7f5881468000-7f5881668000 ---p 0002a000 08:05 3935265                    /usr/lib/jvm/java-8-oracle/jre/lib/amd64/libjava.so
7f5881668000-7f588166a000 rw-p 0002a000 08:05 3935265                    /usr/lib/jvm/java-8-oracle/jre/lib/amd64/libjava.so
7f588166a000-7f5881677000 r-xp 00000000 08:05 3935268                    /usr/lib/jvm/java-8-oracle/jre/lib/amd64/libverify.so
7f5881677000-7f5881877000 ---p 0000d000 08:05 3935268                    /usr/lib/jvm/java-8-oracle/jre/lib/amd64/libverify.so
7f5881877000-7f5881879000 rw-p 0000d000 08:05 3935268                    /usr/lib/jvm/java-8-oracle/jre/lib/amd64/libverify.so
7f5881879000-7f5881880000 r-xp 00000000 08:05 5243004                    /lib/x86_64-linux-gnu/librt-2.15.so
7f5881880000-7f5881a7f000 ---p 00007000 08:05 5243004                    /lib/x86_64-linux-gnu/librt-2.15.so
7f5881a7f000-7f5881a80000 r--p 00006000 08:05 5243004                    /lib/x86_64-linux-gnu/librt-2.15.so
7f5881a80000-7f5881a81000 rw-p 00007000 08:05 5243004                    /lib/x86_64-linux-gnu/librt-2.15.so
7f5881a81000-7f5881b7c000 r-xp 00000000 08:05 5243008                    /lib/x86_64-linux-gnu/libm-2.15.so
7f5881b7c000-7f5881d7b000 ---p 000fb000 08:05 5243008                    /lib/x86_64-linux-gnu/libm-2.15.so
7f5881d7b000-7f5881d7c000 r--p 000fa000 08:05 5243008                    /lib/x86_64-linux-gnu/libm-2.15.so
7f5881d7c000-7f5881d7d000 rw-p 000fb000 08:05 5243008                    /lib/x86_64-linux-gnu/libm-2.15.so
7f5881d7d000-7f5882997000 r-xp 00000000 08:05 3935280                    /usr/lib/jvm/java-8-oracle/jre/lib/amd64/server/libjvm.so
7f5882997000-7f5882b96000 ---p 00c1a000 08:05 3935280                    /usr/lib/jvm/java-8-oracle/jre/lib/amd64/server/libjvm.so
7f5882b96000-7f5882c5f000 rw-p 00c19000 08:05 3935280                    /usr/lib/jvm/java-8-oracle/jre/lib/amd64/server/libjvm.so
7f5882c5f000-7f5882ca0000 rw-p 00000000 00:00 0 
7f5882ca0000-7f5882e55000 r-xp 00000000 08:05 5242892                    /lib/x86_64-linux-gnu/libc-2.15.so
7f5882e55000-7f5883055000 ---p 001b5000 08:05 5242892                    /lib/x86_64-linux-gnu/libc-2.15.so
7f5883055000-7f5883059000 r--p 001b5000 08:05 5242892                    /lib/x86_64-linux-gnu/libc-2.15.so
7f5883059000-7f588305b000 rw-p 001b9000 08:05 5242892                    /lib/x86_64-linux-gnu/libc-2.15.so
7f588305b000-7f5883060000 rw-p 00000000 00:00 0 
7f5883060000-7f5883062000 r-xp 00000000 08:05 5243012                    /lib/x86_64-linux-gnu/libdl-2.15.so
7f5883062000-7f5883262000 ---p 00002000 08:05 5243012                    /lib/x86_64-linux-gnu/libdl-2.15.so
7f5883262000-7f5883263000 r--p 00002000 08:05 5243012                    /lib/x86_64-linux-gnu/libdl-2.15.so
7f5883263000-7f5883264000 rw-p 00003000 08:05 5243012                    /lib/x86_64-linux-gnu/libdl-2.15.so
7f5883264000-7f588327b000 r-xp 00000000 08:05 3940791                    /usr/lib/jvm/java-8-oracle/lib/amd64/jli/libjli.so
7f588327b000-7f588347a000 ---p 00017000 08:05 3940791                    /usr/lib/jvm/java-8-oracle/lib/amd64/jli/libjli.so
7f588347a000-7f588347b000 rw-p 00016000 08:05 3940791                    /usr/lib/jvm/java-8-oracle/lib/amd64/jli/libjli.so
7f588347b000-7f5883493000 r-xp 00000000 08:05 5243006                    /lib/x86_64-linux-gnu/libpthread-2.15.so
7f5883493000-7f5883692000 ---p 00018000 08:05 5243006                    /lib/x86_64-linux-gnu/libpthread-2.15.so
7f5883692000-7f5883693000 r--p 00017000 08:05 5243006                    /lib/x86_64-linux-gnu/libpthread-2.15.so
7f5883693000-7f5883694000 rw-p 00018000 08:05 5243006                    /lib/x86_64-linux-gnu/libpthread-2.15.so
7f5883694000-7f5883698000 rw-p 00000000 00:00 0 
7f5883698000-7f58836ba000 r-xp 00000000 08:05 5243009                    /lib/x86_64-linux-gnu/ld-2.15.so
7f58836cd000-7f588379f000 rw-p 00000000 00:00 0 
7f588379f000-7f58837a2000 ---p 00000000 00:00 0 
7f58837a2000-7f58838a4000 rw-p 00000000 00:00 0 
7f58838ad000-7f58838ae000 rw-p 00000000 00:00 0 
7f58838ae000-7f58838b6000 rw-s 00000000 08:05 12976202                   /tmp/hsperfdata_niek/25368
7f58838b6000-7f58838b7000 rw-p 00000000 00:00 0 
7f58838b7000-7f58838b8000 r--p 00000000 00:00 0 
7f58838b8000-7f58838ba000 rw-p 00000000 00:00 0 
7f58838ba000-7f58838bb000 r--p 00022000 08:05 5243009                    /lib/x86_64-linux-gnu/ld-2.15.so
7f58838bb000-7f58838bd000 rw-p 00023000 08:05 5243009                    /lib/x86_64-linux-gnu/ld-2.15.so
7fff12a48000-7fff12a69000 rw-p 00000000 00:00 0                          [stack]
7fff12b5a000-7fff12b5b000 r-xp 00000000 00:00 0                          [vdso]
ffffffffff600000-ffffffffff601000 r-xp 00000000 00:00 0                  [vsyscall]

VM Arguments:
jvm_args: -agentlib:jdwp=transport=dt_socket,suspend=y,address=localhost:38252 -Dfile.encoding=UTF-8 -Xbootclasspath:/home/niek/Developer/adt-bundle-linux-x86_64-20140321/sdk/platforms/android-19/android.jar 
java_command: com.ilmoitus.listener.ManagerOnItemSelectedListener
java_class_path (initial): /home/niek/Documents/ilmoitus/ilmoitus_mobile/Android/libs/android-support-v4.jar:/home/niek/Documents/ilmoitus/ilmoitus_mobile/Android/bin/classes
Launcher Type: SUN_STANDARD

Environment Variables:
PATH=/usr/lib/lightdm/lightdm:/usr/local/sbin:/usr/local/bin:/usr/sbin:/usr/bin:/sbin:/bin:/usr/games
SHELL=/bin/bash
DISPLAY=:0

Signal Handlers:
SIGSEGV: [libjvm.so+0xa2fc90], sa_mask[0]=0x7ffbfeff, sa_flags=0x10000004
SIGBUS: [libjvm.so+0xa2fc90], sa_mask[0]=0x7ffbfeff, sa_flags=0x10000004
SIGFPE: [libjvm.so+0x89b4b0], sa_mask[0]=0x7ffbfeff, sa_flags=0x10000004
SIGPIPE: [libjvm.so+0x89b4b0], sa_mask[0]=0x7ffbfeff, sa_flags=0x10000004
SIGXFSZ: [libjvm.so+0x89b4b0], sa_mask[0]=0x7ffbfeff, sa_flags=0x10000004
SIGILL: [libjvm.so+0x89b4b0], sa_mask[0]=0x7ffbfeff, sa_flags=0x10000004
SIGUSR1: SIG_DFL, sa_mask[0]=0x00000000, sa_flags=0x00000000
SIGUSR2: [libjvm.so+0x89cc50], sa_mask[0]=0x00000004, sa_flags=0x10000004
SIGHUP: SIG_DFL, sa_mask[0]=0x00000000, sa_flags=0x00000000
SIGINT: SIG_DFL, sa_mask[0]=0x00000000, sa_flags=0x00000000
SIGTERM: SIG_DFL, sa_mask[0]=0x00000000, sa_flags=0x00000000
SIGQUIT: SIG_DFL, sa_mask[0]=0x00000000, sa_flags=0x00000000


---------------  S Y S T E M  ---------------

OS:DISTRIB_ID="elementary OS"
DISTRIB_RELEASE=0.2
DISTRIB_CODENAME=luna
DISTRIB_DESCRIPTION="elementary OS Luna"

uname:Linux 3.2.0-61-generic #93-Ubuntu SMP Fri May 2 21:31:50 UTC 2014 x86_64
libc:glibc 2.15 NPTL 2.15 
rlimit: STACK 8192k, CORE 0k, NPROC 63526, NOFILE 4096, AS infinity
load average:0.90 0.71 0.62

/proc/meminfo:
MemTotal:        8154884 kB
MemFree:         4755948 kB
Buffers:          192440 kB
Cached:          1432168 kB
SwapCached:            0 kB
Active:          2179976 kB
Inactive:         872116 kB
Active(anon):    1428628 kB
Inactive(anon):    10508 kB
Active(file):     751348 kB
Inactive(file):   861608 kB
Unevictable:          16 kB
Mlocked:              16 kB
SwapTotal:       8363004 kB
SwapFree:        8363004 kB
Dirty:              3596 kB
Writeback:             0 kB
AnonPages:       1427700 kB
Mapped:           184180 kB
Shmem:             11656 kB
Slab:             104780 kB
SReclaimable:      75220 kB
SUnreclaim:        29560 kB
KernelStack:        3584 kB
PageTables:        24816 kB
NFS_Unstable:          0 kB
Bounce:                0 kB
WritebackTmp:          0 kB
CommitLimit:    12440444 kB
Committed_AS:    3762640 kB
VmallocTotal:   34359738367 kB
VmallocUsed:      106736 kB
VmallocChunk:   34359614192 kB
HardwareCorrupted:     0 kB
AnonHugePages:         0 kB
HugePages_Total:       0
HugePages_Free:        0
HugePages_Rsvd:        0
HugePages_Surp:        0
Hugepagesize:       2048 kB
DirectMap4k:      208896 kB
DirectMap2M:     8163328 kB


CPU:total 4 (4 cores per cpu, 1 threads per core) family 6 model 42 stepping 7, cmov, cx8, fxsr, mmx, sse, sse2, sse3, ssse3, sse4.1, sse4.2, popcnt, avx, aes, clmul, tsc, tscinvbit

/proc/cpuinfo:
processor	: 0
vendor_id	: GenuineIntel
cpu family	: 6
model		: 42
model name	: Intel(R) Core(TM) i5-2500K CPU @ 3.30GHz
stepping	: 7
microcode	: 0x14
cpu MHz		: 3301.000
cache size	: 6144 KB
physical id	: 0
siblings	: 4
core id		: 0
cpu cores	: 4
apicid		: 0
initial apicid	: 0
fpu		: yes
fpu_exception	: yes
cpuid level	: 13
wp		: yes
flags		: fpu vme de pse tsc msr pae mce cx8 apic sep mtrr pge mca cmov pat pse36 clflush dts acpi mmx fxsr sse sse2 ss ht tm pbe syscall nx rdtscp lm constant_tsc arch_perfmon pebs bts rep_good nopl xtopology nonstop_tsc aperfmperf pni pclmulqdq dtes64 monitor ds_cpl vmx est tm2 ssse3 cx16 xtpr pdcm pcid sse4_1 sse4_2 popcnt tsc_deadline_timer aes xsave avx lahf_lm ida arat epb xsaveopt pln pts dtherm tpr_shadow vnmi flexpriority ept vpid
bogomips	: 6621.22
clflush size	: 64
cache_alignment	: 64
address sizes	: 36 bits physical, 48 bits virtual
power management:

processor	: 1
vendor_id	: GenuineIntel
cpu family	: 6
model		: 42
model name	: Intel(R) Core(TM) i5-2500K CPU @ 3.30GHz
stepping	: 7
microcode	: 0x14
cpu MHz		: 3301.000
cache size	: 6144 KB
physical id	: 0
siblings	: 4
core id		: 1
cpu cores	: 4
apicid		: 2
initial apicid	: 2
fpu		: yes
fpu_exception	: yes
cpuid level	: 13
wp		: yes
flags		: fpu vme de pse tsc msr pae mce cx8 apic sep mtrr pge mca cmov pat pse36 clflush dts acpi mmx fxsr sse sse2 ss ht tm pbe syscall nx rdtscp lm constant_tsc arch_perfmon pebs bts rep_good nopl xtopology nonstop_tsc aperfmperf pni pclmulqdq dtes64 monitor ds_cpl vmx est tm2 ssse3 cx16 xtpr pdcm pcid sse4_1 sse4_2 popcnt tsc_deadline_timer aes xsave avx lahf_lm ida arat epb xsaveopt pln pts dtherm tpr_shadow vnmi flexpriority ept vpid
bogomips	: 6621.42
clflush size	: 64
cache_alignment	: 64
address sizes	: 36 bits physical, 48 bits virtual
power management:

processor	: 2
vendor_id	: GenuineIntel
cpu family	: 6
model		: 42
model name	: Intel(R) Core(TM) i5-2500K CPU @ 3.30GHz
stepping	: 7
microcode	: 0x14
cpu MHz		: 2000.000
cache size	: 6144 KB
physical id	: 0
siblings	: 4
core id		: 2
cpu cores	: 4
apicid		: 4
initial apicid	: 4
fpu		: yes
fpu_exception	: yes
cpuid level	: 13
wp		: yes
flags		: fpu vme de pse tsc msr pae mce cx8 apic sep mtrr pge mca cmov pat pse36 clflush dts acpi mmx fxsr sse sse2 ss ht tm pbe syscall nx rdtscp lm constant_tsc arch_perfmon pebs bts rep_good nopl xtopology nonstop_tsc aperfmperf pni pclmulqdq dtes64 monitor ds_cpl vmx est tm2 ssse3 cx16 xtpr pdcm pcid sse4_1 sse4_2 popcnt tsc_deadline_timer aes xsave avx lahf_lm ida arat epb xsaveopt pln pts dtherm tpr_shadow vnmi flexpriority ept vpid
bogomips	: 6621.43
clflush size	: 64
cache_alignment	: 64
address sizes	: 36 bits physical, 48 bits virtual
power management:

processor	: 3
vendor_id	: GenuineIntel
cpu family	: 6
model		: 42
model name	: Intel(R) Core(TM) i5-2500K CPU @ 3.30GHz
stepping	: 7
microcode	: 0x14
cpu MHz		: 1600.000
cache size	: 6144 KB
physical id	: 0
siblings	: 4
core id		: 3
cpu cores	: 4
apicid		: 6
initial apicid	: 6
fpu		: yes
fpu_exception	: yes
cpuid level	: 13
wp		: yes
flags		: fpu vme de pse tsc msr pae mce cx8 apic sep mtrr pge mca cmov pat pse36 clflush dts acpi mmx fxsr sse sse2 ss ht tm pbe syscall nx rdtscp lm constant_tsc arch_perfmon pebs bts rep_good nopl xtopology nonstop_tsc aperfmperf pni pclmulqdq dtes64 monitor ds_cpl vmx est tm2 ssse3 cx16 xtpr pdcm pcid sse4_1 sse4_2 popcnt tsc_deadline_timer aes xsave avx lahf_lm ida arat epb xsaveopt pln pts dtherm tpr_shadow vnmi flexpriority ept vpid
bogomips	: 6621.41
clflush size	: 64
cache_alignment	: 64
address sizes	: 36 bits physical, 48 bits virtual
power management:



Memory: 4k page, physical 8154884k(4755948k free), swap 8363004k(8363004k free)

vm_info: Java HotSpot(TM) 64-Bit Server VM (25.5-b02) for linux-amd64 JRE (1.8.0_05-b13), built on Mar 18 2014 00:29:27 by "java_re" with gcc 4.3.0 20080428 (Red Hat 4.3.0-8)

time: Tue May 13 15:07:48 2014
elapsed time: 0 seconds

