#
# A fatal error has been detected by the Java Runtime Environment:
#
#  Internal Error (javaClasses.cpp:124), pid=24492, tid=140577667245824
#  fatal error: Invalid layout of preloaded class
#
# JRE version:  (8.0_05-b13) (build )
# Java VM: Java HotSpot(TM) 64-Bit Server VM (25.5-b02 mixed mode linux-amd64 compressed oops)
# Failed to write core dump. Core dumps have been disabled. To enable core dumping, try "ulimit -c unlimited" before starting Java again
#
# If you would like to submit a bug report, please visit:
#   http://bugreport.sun.com/bugreport/crash.jsp
#

---------------  T H R E A D  ---------------

Current thread (0x00007fdac400c000):  JavaThread "Unknown thread" [_thread_in_vm, id=24494, stack(0x00007fdac9db6000,0x00007fdac9eb7000)]

Stack: [0x00007fdac9db6000,0x00007fdac9eb7000],  sp=0x00007fdac9eb57e0,  free space=1021k
Native frames: (J=compiled Java code, j=interpreted, Vv=VM code, C=native code)
V  [libjvm.so+0xa2f43a]  VMError::report_and_die()+0x2ca
V  [libjvm.so+0x4b2809]  report_fatal(char const*, int, char const*)+0x59
V  [libjvm.so+0x63016c]  compute_offset(int&, Klass*, Symbol*, Symbol*, bool)+0x20c
V  [libjvm.so+0x630f19]  java_lang_String::compute_offsets()+0x39
V  [libjvm.so+0x9aeb46]  SystemDictionary::initialize_preloaded_classes(Thread*)+0x86
V  [libjvm.so+0x9fc79c]  Universe::genesis(Thread*)+0x3cc
V  [libjvm.so+0x9fca4c]  universe2_init()+0x2c
V  [libjvm.so+0x5d461d]  init_globals()+0xbd
V  [libjvm.so+0x9e44ad]  Threads::create_vm(JavaVMInitArgs*, bool*)+0x24d
V  [libjvm.so+0x6659f4]  JNI_CreateJavaVM+0x74
C  [libjli.so+0x703e]  JavaMain+0x9e


---------------  P R O C E S S  ---------------

Java Threads: ( => current thread )

Other Threads:

=>0x00007fdac400c000 (exited) JavaThread "Unknown thread" [_thread_in_vm, id=24494, stack(0x00007fdac9db6000,0x00007fdac9eb7000)]

VM state:not at safepoint (not fully initialized)

VM Mutex/Monitor currently owned by a thread: None

GC Heap History (0 events):
No events

Deoptimization events (0 events):
No events

Internal exceptions (0 events):
No events

Events (10 events):
Event: 0.005 loading class java/lang/CharSequence done
Event: 0.005 loading class java/lang/String done
Event: 0.005 loading class java/lang/Class
Event: 0.005 loading class java/lang/reflect/AnnotatedElement
Event: 0.005 loading class java/lang/reflect/AnnotatedElement done
Event: 0.005 loading class java/lang/reflect/GenericDeclaration
Event: 0.005 loading class java/lang/reflect/GenericDeclaration done
Event: 0.005 loading class java/lang/reflect/Type
Event: 0.005 loading class java/lang/reflect/Type done
Event: 0.005 loading class java/lang/Class done


Dynamic libraries:
00400000-00401000 r-xp 00000000 08:05 3805286                            /usr/lib/jvm/java-8-oracle/bin/java
00600000-00601000 rw-p 00000000 08:05 3805286                            /usr/lib/jvm/java-8-oracle/bin/java
02425000-02446000 rw-p 00000000 00:00 0                                  [heap]
83800000-8b480000 rw-p 00000000 00:00 0 
8b480000-d6800000 ---p 00000000 00:00 0 
d6800000-d6980000 rw-p 00000000 00:00 0 
d6980000-100000000 ---p 00000000 00:00 0 
100000000-100060000 rw-p 00000000 00:00 0 
100060000-140000000 ---p 00000000 00:00 0 
7fda98000000-7fda98021000 rw-p 00000000 00:00 0 
7fda98021000-7fda9c000000 ---p 00000000 00:00 0 
7fdaa0000000-7fdaa0021000 rw-p 00000000 00:00 0 
7fdaa0021000-7fdaa4000000 ---p 00000000 00:00 0 
7fdaa4000000-7fdaa4021000 rw-p 00000000 00:00 0 
7fdaa4021000-7fdaa8000000 ---p 00000000 00:00 0 
7fdaa8000000-7fdaa8021000 rw-p 00000000 00:00 0 
7fdaa8021000-7fdaac000000 ---p 00000000 00:00 0 
7fdaad94d000-7fdaadbb5000 rw-p 00000000 00:00 0 
7fdaadbb5000-7fdaadc8c000 r--s 013fe000 08:05 8002476                    /home/niek/Developer/adt-bundle-linux-x86_64-20140321/sdk/platforms/android-19/android.jar
7fdaadc8c000-7fdaae185000 rw-p 00000000 00:00 0 
7fdaae185000-7fdaae585000 ---p 00000000 00:00 0 
7fdaae585000-7fdab27a9000 rw-p 00000000 00:00 0 
7fdab27a9000-7fdab27aa000 ---p 00000000 00:00 0 
7fdab27aa000-7fdab28aa000 rw-p 00000000 00:00 0 
7fdab28aa000-7fdab28ab000 ---p 00000000 00:00 0 
7fdab28ab000-7fdab29ab000 rw-p 00000000 00:00 0 
7fdab29ab000-7fdab29ac000 ---p 00000000 00:00 0 
7fdab29ac000-7fdab2aac000 rw-p 00000000 00:00 0 
7fdab2aac000-7fdab2aad000 ---p 00000000 00:00 0 
7fdab2aad000-7fdab2bec000 rw-p 00000000 00:00 0 
7fdab2bec000-7fdab2e45000 ---p 00000000 00:00 0 
7fdab2e45000-7fdab2e84000 rw-p 00000000 00:00 0 
7fdab2e84000-7fdab30dd000 ---p 00000000 00:00 0 
7fdab30dd000-7fdab30de000 rw-p 00000000 00:00 0 
7fdab30de000-7fdab3229000 ---p 00000000 00:00 0 
7fdab3229000-7fdab3234000 rw-p 00000000 00:00 0 
7fdab3234000-7fdab35ea000 ---p 00000000 00:00 0 
7fdab35ea000-7fdab385a000 rwxp 00000000 00:00 0 
7fdab385a000-7fdac25ea000 ---p 00000000 00:00 0 
7fdac25ea000-7fdac2606000 r-xp 00000000 08:05 3935275                    /usr/lib/jvm/java-8-oracle/jre/lib/amd64/libzip.so
7fdac2606000-7fdac2805000 ---p 0001c000 08:05 3935275                    /usr/lib/jvm/java-8-oracle/jre/lib/amd64/libzip.so
7fdac2805000-7fdac2806000 rw-p 0001b000 08:05 3935275                    /usr/lib/jvm/java-8-oracle/jre/lib/amd64/libzip.so
7fdac2806000-7fdac2812000 r-xp 00000000 08:05 5243001                    /lib/x86_64-linux-gnu/libnss_files-2.15.so
7fdac2812000-7fdac2a11000 ---p 0000c000 08:05 5243001                    /lib/x86_64-linux-gnu/libnss_files-2.15.so
7fdac2a11000-7fdac2a12000 r--p 0000b000 08:05 5243001                    /lib/x86_64-linux-gnu/libnss_files-2.15.so
7fdac2a12000-7fdac2a13000 rw-p 0000c000 08:05 5243001                    /lib/x86_64-linux-gnu/libnss_files-2.15.so
7fdac2a13000-7fdac2a1d000 r-xp 00000000 08:05 5243005                    /lib/x86_64-linux-gnu/libnss_nis-2.15.so
7fdac2a1d000-7fdac2c1d000 ---p 0000a000 08:05 5243005                    /lib/x86_64-linux-gnu/libnss_nis-2.15.so
7fdac2c1d000-7fdac2c1e000 r--p 0000a000 08:05 5243005                    /lib/x86_64-linux-gnu/libnss_nis-2.15.so
7fdac2c1e000-7fdac2c1f000 rw-p 0000b000 08:05 5243005                    /lib/x86_64-linux-gnu/libnss_nis-2.15.so
7fdac2c1f000-7fdac2c36000 r-xp 00000000 08:05 5246926                    /lib/x86_64-linux-gnu/libnsl-2.15.so
7fdac2c36000-7fdac2e35000 ---p 00017000 08:05 5246926                    /lib/x86_64-linux-gnu/libnsl-2.15.so
7fdac2e35000-7fdac2e36000 r--p 00016000 08:05 5246926                    /lib/x86_64-linux-gnu/libnsl-2.15.so
7fdac2e36000-7fdac2e37000 rw-p 00017000 08:05 5246926                    /lib/x86_64-linux-gnu/libnsl-2.15.so
7fdac2e37000-7fdac2e39000 rw-p 00000000 00:00 0 
7fdac2e39000-7fdac2e41000 r-xp 00000000 08:05 5242999                    /lib/x86_64-linux-gnu/libnss_compat-2.15.so
7fdac2e41000-7fdac3040000 ---p 00008000 08:05 5242999                    /lib/x86_64-linux-gnu/libnss_compat-2.15.so
7fdac3040000-7fdac3041000 r--p 00007000 08:05 5242999                    /lib/x86_64-linux-gnu/libnss_compat-2.15.so
7fdac3041000-7fdac3042000 rw-p 00008000 08:05 5242999                    /lib/x86_64-linux-gnu/libnss_compat-2.15.so
7fdac3042000-7fdac3580000 r--p 00000000 08:05 3805220                    /usr/lib/locale/locale-archive
7fdac3580000-7fdac3583000 r-xp 00000000 08:05 3935241                    /usr/lib/jvm/java-8-oracle/jre/lib/amd64/libnpt.so
7fdac3583000-7fdac3782000 ---p 00003000 08:05 3935241                    /usr/lib/jvm/java-8-oracle/jre/lib/amd64/libnpt.so
7fdac3782000-7fdac3783000 rw-p 00002000 08:05 3935241                    /usr/lib/jvm/java-8-oracle/jre/lib/amd64/libnpt.so
7fdac3783000-7fdac37bc000 r-xp 00000000 08:05 3935252                    /usr/lib/jvm/java-8-oracle/jre/lib/amd64/libjdwp.so
7fdac37bc000-7fdac39bb000 ---p 00039000 08:05 3935252                    /usr/lib/jvm/java-8-oracle/jre/lib/amd64/libjdwp.so
7fdac39bb000-7fdac39bd000 rw-p 00038000 08:05 3935252                    /usr/lib/jvm/java-8-oracle/jre/lib/amd64/libjdwp.so
7fdac39bd000-7fdac39e7000 r-xp 00000000 08:05 3935265                    /usr/lib/jvm/java-8-oracle/jre/lib/amd64/libjava.so
7fdac39e7000-7fdac3be7000 ---p 0002a000 08:05 3935265                    /usr/lib/jvm/java-8-oracle/jre/lib/amd64/libjava.so
7fdac3be7000-7fdac3be9000 rw-p 0002a000 08:05 3935265                    /usr/lib/jvm/java-8-oracle/jre/lib/amd64/libjava.so
7fdac3be9000-7fdac3bf6000 r-xp 00000000 08:05 3935268                    /usr/lib/jvm/java-8-oracle/jre/lib/amd64/libverify.so
7fdac3bf6000-7fdac3df6000 ---p 0000d000 08:05 3935268                    /usr/lib/jvm/java-8-oracle/jre/lib/amd64/libverify.so
7fdac3df6000-7fdac3df8000 rw-p 0000d000 08:05 3935268                    /usr/lib/jvm/java-8-oracle/jre/lib/amd64/libverify.so
7fdac3df8000-7fdac3dff000 r-xp 00000000 08:05 5243004                    /lib/x86_64-linux-gnu/librt-2.15.so
7fdac3dff000-7fdac3ffe000 ---p 00007000 08:05 5243004                    /lib/x86_64-linux-gnu/librt-2.15.so
7fdac3ffe000-7fdac3fff000 r--p 00006000 08:05 5243004                    /lib/x86_64-linux-gnu/librt-2.15.so
7fdac3fff000-7fdac4000000 rw-p 00007000 08:05 5243004                    /lib/x86_64-linux-gnu/librt-2.15.so
7fdac4000000-7fdac4053000 rw-p 00000000 00:00 0 
7fdac4053000-7fdac8000000 ---p 00000000 00:00 0 
7fdac8098000-7fdac8193000 r-xp 00000000 08:05 5243008                    /lib/x86_64-linux-gnu/libm-2.15.so
7fdac8193000-7fdac8392000 ---p 000fb000 08:05 5243008                    /lib/x86_64-linux-gnu/libm-2.15.so
7fdac8392000-7fdac8393000 r--p 000fa000 08:05 5243008                    /lib/x86_64-linux-gnu/libm-2.15.so
7fdac8393000-7fdac8394000 rw-p 000fb000 08:05 5243008                    /lib/x86_64-linux-gnu/libm-2.15.so
7fdac8394000-7fdac8fae000 r-xp 00000000 08:05 3935280                    /usr/lib/jvm/java-8-oracle/jre/lib/amd64/server/libjvm.so
7fdac8fae000-7fdac91ad000 ---p 00c1a000 08:05 3935280                    /usr/lib/jvm/java-8-oracle/jre/lib/amd64/server/libjvm.so
7fdac91ad000-7fdac9276000 rw-p 00c19000 08:05 3935280                    /usr/lib/jvm/java-8-oracle/jre/lib/amd64/server/libjvm.so
7fdac9276000-7fdac92b7000 rw-p 00000000 00:00 0 
7fdac92b7000-7fdac946c000 r-xp 00000000 08:05 5242892                    /lib/x86_64-linux-gnu/libc-2.15.so
7fdac946c000-7fdac966c000 ---p 001b5000 08:05 5242892                    /lib/x86_64-linux-gnu/libc-2.15.so
7fdac966c000-7fdac9670000 r--p 001b5000 08:05 5242892                    /lib/x86_64-linux-gnu/libc-2.15.so
7fdac9670000-7fdac9672000 rw-p 001b9000 08:05 5242892                    /lib/x86_64-linux-gnu/libc-2.15.so
7fdac9672000-7fdac9677000 rw-p 00000000 00:00 0 
7fdac9677000-7fdac9679000 r-xp 00000000 08:05 5243012                    /lib/x86_64-linux-gnu/libdl-2.15.so
7fdac9679000-7fdac9879000 ---p 00002000 08:05 5243012                    /lib/x86_64-linux-gnu/libdl-2.15.so
7fdac9879000-7fdac987a000 r--p 00002000 08:05 5243012                    /lib/x86_64-linux-gnu/libdl-2.15.so
7fdac987a000-7fdac987b000 rw-p 00003000 08:05 5243012                    /lib/x86_64-linux-gnu/libdl-2.15.so
7fdac987b000-7fdac9892000 r-xp 00000000 08:05 3940791                    /usr/lib/jvm/java-8-oracle/lib/amd64/jli/libjli.so
7fdac9892000-7fdac9a91000 ---p 00017000 08:05 3940791                    /usr/lib/jvm/java-8-oracle/lib/amd64/jli/libjli.so
7fdac9a91000-7fdac9a92000 rw-p 00016000 08:05 3940791                    /usr/lib/jvm/java-8-oracle/lib/amd64/jli/libjli.so
7fdac9a92000-7fdac9aaa000 r-xp 00000000 08:05 5243006                    /lib/x86_64-linux-gnu/libpthread-2.15.so
7fdac9aaa000-7fdac9ca9000 ---p 00018000 08:05 5243006                    /lib/x86_64-linux-gnu/libpthread-2.15.so
7fdac9ca9000-7fdac9caa000 r--p 00017000 08:05 5243006                    /lib/x86_64-linux-gnu/libpthread-2.15.so
7fdac9caa000-7fdac9cab000 rw-p 00018000 08:05 5243006                    /lib/x86_64-linux-gnu/libpthread-2.15.so
7fdac9cab000-7fdac9caf000 rw-p 00000000 00:00 0 
7fdac9caf000-7fdac9cd1000 r-xp 00000000 08:05 5243009                    /lib/x86_64-linux-gnu/ld-2.15.so
7fdac9d67000-7fdac9db6000 rw-p 00000000 00:00 0 
7fdac9db6000-7fdac9db9000 ---p 00000000 00:00 0 
7fdac9db9000-7fdac9ebb000 rw-p 00000000 00:00 0 
7fdac9ec4000-7fdac9ec5000 rw-p 00000000 00:00 0 
7fdac9ec5000-7fdac9ecd000 rw-s 00000000 08:05 12976211                   /tmp/hsperfdata_niek/24492
7fdac9ecd000-7fdac9ece000 rw-p 00000000 00:00 0 
7fdac9ece000-7fdac9ecf000 r--p 00000000 00:00 0 
7fdac9ecf000-7fdac9ed1000 rw-p 00000000 00:00 0 
7fdac9ed1000-7fdac9ed2000 r--p 00022000 08:05 5243009                    /lib/x86_64-linux-gnu/ld-2.15.so
7fdac9ed2000-7fdac9ed4000 rw-p 00023000 08:05 5243009                    /lib/x86_64-linux-gnu/ld-2.15.so
7fffde76a000-7fffde78b000 rw-p 00000000 00:00 0                          [stack]
7fffde7ff000-7fffde800000 r-xp 00000000 00:00 0                          [vdso]
ffffffffff600000-ffffffffff601000 r-xp 00000000 00:00 0                  [vsyscall]

VM Arguments:
jvm_args: -agentlib:jdwp=transport=dt_socket,suspend=y,address=localhost:33307 -Dfile.encoding=UTF-8 -Xbootclasspath:/home/niek/Developer/adt-bundle-linux-x86_64-20140321/sdk/platforms/android-19/android.jar 
java_command: com.ilmoitus.listener.ManagerOnItemSelectedListener
java_class_path (initial): /home/niek/Documents/ilmoitus/ilmoitus_mobile/Android/libs/android-support-v4.jar:/home/niek/Documents/ilmoitus/ilmoitus_mobile/Android/bin/classes
Launcher Type: SUN_STANDARD

Environment Variables:
PATH=/usr/lib/lightdm/lightdm:/usr/local/sbin:/usr/local/bin:/usr/sbin:/usr/bin:/sbin:/bin:/usr/games
SHELL=/bin/bash
DISPLAY=:0

Signal Handlers:
SIGSEGV: [libjvm.so+0xa2fc90], sa_mask[0]=0x7ffbfeff, sa_flags=0x10000004
SIGBUS: [libjvm.so+0xa2fc90], sa_mask[0]=0x7ffbfeff, sa_flags=0x10000004
SIGFPE: [libjvm.so+0x89b4b0], sa_mask[0]=0x7ffbfeff, sa_flags=0x10000004
SIGPIPE: [libjvm.so+0x89b4b0], sa_mask[0]=0x7ffbfeff, sa_flags=0x10000004
SIGXFSZ: [libjvm.so+0x89b4b0], sa_mask[0]=0x7ffbfeff, sa_flags=0x10000004
SIGILL: [libjvm.so+0x89b4b0], sa_mask[0]=0x7ffbfeff, sa_flags=0x10000004
SIGUSR1: SIG_DFL, sa_mask[0]=0x00000000, sa_flags=0x00000000
SIGUSR2: [libjvm.so+0x89cc50], sa_mask[0]=0x00000004, sa_flags=0x10000004
SIGHUP: SIG_DFL, sa_mask[0]=0x00000000, sa_flags=0x00000000
SIGINT: SIG_DFL, sa_mask[0]=0x00000000, sa_flags=0x00000000
SIGTERM: SIG_DFL, sa_mask[0]=0x00000000, sa_flags=0x00000000
SIGQUIT: SIG_DFL, sa_mask[0]=0x00000000, sa_flags=0x00000000


---------------  S Y S T E M  ---------------

OS:DISTRIB_ID="elementary OS"
DISTRIB_RELEASE=0.2
DISTRIB_CODENAME=luna
DISTRIB_DESCRIPTION="elementary OS Luna"

uname:Linux 3.2.0-61-generic #93-Ubuntu SMP Fri May 2 21:31:50 UTC 2014 x86_64
libc:glibc 2.15 NPTL 2.15 
rlimit: STACK 8192k, CORE 0k, NPROC 63526, NOFILE 4096, AS infinity
load average:0.93 0.70 0.61

/proc/meminfo:
MemTotal:        8154884 kB
MemFree:         3835920 kB
Buffers:          191872 kB
Cached:          1661956 kB
SwapCached:            0 kB
Active:          3062356 kB
Inactive:         909032 kB
Active(anon):    2118708 kB
Inactive(anon):    17560 kB
Active(file):     943648 kB
Inactive(file):   891472 kB
Unevictable:          16 kB
Mlocked:              16 kB
SwapTotal:       8363004 kB
SwapFree:        8363004 kB
Dirty:              3048 kB
Writeback:             0 kB
AnonPages:       2117592 kB
Mapped:           204908 kB
Shmem:             18708 kB
Slab:             110940 kB
SReclaimable:      80992 kB
SUnreclaim:        29948 kB
KernelStack:        3760 kB
PageTables:        26360 kB
NFS_Unstable:          0 kB
Bounce:                0 kB
WritebackTmp:          0 kB
CommitLimit:    12440444 kB
Committed_AS:    6942892 kB
VmallocTotal:   34359738367 kB
VmallocUsed:      106672 kB
VmallocChunk:   34359623152 kB
HardwareCorrupted:     0 kB
AnonHugePages:         0 kB
HugePages_Total:       0
HugePages_Free:        0
HugePages_Rsvd:        0
HugePages_Surp:        0
Hugepagesize:       2048 kB
DirectMap4k:      200704 kB
DirectMap2M:     8171520 kB


CPU:total 4 (4 cores per cpu, 1 threads per core) family 6 model 42 stepping 7, cmov, cx8, fxsr, mmx, sse, sse2, sse3, ssse3, sse4.1, sse4.2, popcnt, avx, aes, clmul, tsc, tscinvbit

/proc/cpuinfo:
processor	: 0
vendor_id	: GenuineIntel
cpu family	: 6
model		: 42
model name	: Intel(R) Core(TM) i5-2500K CPU @ 3.30GHz
stepping	: 7
microcode	: 0x14
cpu MHz		: 3301.000
cache size	: 6144 KB
physical id	: 0
siblings	: 4
core id		: 0
cpu cores	: 4
apicid		: 0
initial apicid	: 0
fpu		: yes
fpu_exception	: yes
cpuid level	: 13
wp		: yes
flags		: fpu vme de pse tsc msr pae mce cx8 apic sep mtrr pge mca cmov pat pse36 clflush dts acpi mmx fxsr sse sse2 ss ht tm pbe syscall nx rdtscp lm constant_tsc arch_perfmon pebs bts rep_good nopl xtopology nonstop_tsc aperfmperf pni pclmulqdq dtes64 monitor ds_cpl vmx est tm2 ssse3 cx16 xtpr pdcm pcid sse4_1 sse4_2 popcnt tsc_deadline_timer aes xsave avx lahf_lm ida arat epb xsaveopt pln pts dtherm tpr_shadow vnmi flexpriority ept vpid
bogomips	: 6621.22
clflush size	: 64
cache_alignment	: 64
address sizes	: 36 bits physical, 48 bits virtual
power management:

processor	: 1
vendor_id	: GenuineIntel
cpu family	: 6
model		: 42
model name	: Intel(R) Core(TM) i5-2500K CPU @ 3.30GHz
stepping	: 7
microcode	: 0x14
cpu MHz		: 3200.000
cache size	: 6144 KB
physical id	: 0
siblings	: 4
core id		: 1
cpu cores	: 4
apicid		: 2
initial apicid	: 2
fpu		: yes
fpu_exception	: yes
cpuid level	: 13
wp		: yes
flags		: fpu vme de pse tsc msr pae mce cx8 apic sep mtrr pge mca cmov pat pse36 clflush dts acpi mmx fxsr sse sse2 ss ht tm pbe syscall nx rdtscp lm constant_tsc arch_perfmon pebs bts rep_good nopl xtopology nonstop_tsc aperfmperf pni pclmulqdq dtes64 monitor ds_cpl vmx est tm2 ssse3 cx16 xtpr pdcm pcid sse4_1 sse4_2 popcnt tsc_deadline_timer aes xsave avx lahf_lm ida arat epb xsaveopt pln pts dtherm tpr_shadow vnmi flexpriority ept vpid
bogomips	: 6621.42
clflush size	: 64
cache_alignment	: 64
address sizes	: 36 bits physical, 48 bits virtual
power management:

processor	: 2
vendor_id	: GenuineIntel
cpu family	: 6
model		: 42
model name	: Intel(R) Core(TM) i5-2500K CPU @ 3.30GHz
stepping	: 7
microcode	: 0x14
cpu MHz		: 3300.000
cache size	: 6144 KB
physical id	: 0
siblings	: 4
core id		: 2
cpu cores	: 4
apicid		: 4
initial apicid	: 4
fpu		: yes
fpu_exception	: yes
cpuid level	: 13
wp		: yes
flags		: fpu vme de pse tsc msr pae mce cx8 apic sep mtrr pge mca cmov pat pse36 clflush dts acpi mmx fxsr sse sse2 ss ht tm pbe syscall nx rdtscp lm constant_tsc arch_perfmon pebs bts rep_good nopl xtopology nonstop_tsc aperfmperf pni pclmulqdq dtes64 monitor ds_cpl vmx est tm2 ssse3 cx16 xtpr pdcm pcid sse4_1 sse4_2 popcnt tsc_deadline_timer aes xsave avx lahf_lm ida arat epb xsaveopt pln pts dtherm tpr_shadow vnmi flexpriority ept vpid
bogomips	: 6621.43
clflush size	: 64
cache_alignment	: 64
address sizes	: 36 bits physical, 48 bits virtual
power management:

processor	: 3
vendor_id	: GenuineIntel
cpu family	: 6
model		: 42
model name	: Intel(R) Core(TM) i5-2500K CPU @ 3.30GHz
stepping	: 7
microcode	: 0x14
cpu MHz		: 3301.000
cache size	: 6144 KB
physical id	: 0
siblings	: 4
core id		: 3
cpu cores	: 4
apicid		: 6
initial apicid	: 6
fpu		: yes
fpu_exception	: yes
cpuid level	: 13
wp		: yes
flags		: fpu vme de pse tsc msr pae mce cx8 apic sep mtrr pge mca cmov pat pse36 clflush dts acpi mmx fxsr sse sse2 ss ht tm pbe syscall nx rdtscp lm constant_tsc arch_perfmon pebs bts rep_good nopl xtopology nonstop_tsc aperfmperf pni pclmulqdq dtes64 monitor ds_cpl vmx est tm2 ssse3 cx16 xtpr pdcm pcid sse4_1 sse4_2 popcnt tsc_deadline_timer aes xsave avx lahf_lm ida arat epb xsaveopt pln pts dtherm tpr_shadow vnmi flexpriority ept vpid
bogomips	: 6621.41
clflush size	: 64
cache_alignment	: 64
address sizes	: 36 bits physical, 48 bits virtual
power management:



Memory: 4k page, physical 8154884k(3835920k free), swap 8363004k(8363004k free)

vm_info: Java HotSpot(TM) 64-Bit Server VM (25.5-b02) for linux-amd64 JRE (1.8.0_05-b13), built on Mar 18 2014 00:29:27 by "java_re" with gcc 4.3.0 20080428 (Red Hat 4.3.0-8)

time: Tue May 13 15:07:09 2014
elapsed time: 0 seconds

