#
# A fatal error has been detected by the Java Runtime Environment:
#
#  Internal Error (javaClasses.cpp:124), pid=24465, tid=139861957363456
#  fatal error: Invalid layout of preloaded class
#
# JRE version:  (8.0_05-b13) (build )
# Java VM: Java HotSpot(TM) 64-Bit Server VM (25.5-b02 mixed mode linux-amd64 compressed oops)
# Failed to write core dump. Core dumps have been disabled. To enable core dumping, try "ulimit -c unlimited" before starting Java again
#
# If you would like to submit a bug report, please visit:
#   http://bugreport.sun.com/bugreport/crash.jsp
#

---------------  T H R E A D  ---------------

Current thread (0x00007f342000c000):  JavaThread "Unknown thread" [_thread_in_vm, id=24467, stack(0x00007f3426394000,0x00007f3426495000)]

Stack: [0x00007f3426394000,0x00007f3426495000],  sp=0x00007f34264937e0,  free space=1021k
Native frames: (J=compiled Java code, j=interpreted, Vv=VM code, C=native code)
V  [libjvm.so+0xa2f43a]  VMError::report_and_die()+0x2ca
V  [libjvm.so+0x4b2809]  report_fatal(char const*, int, char const*)+0x59
V  [libjvm.so+0x63016c]  compute_offset(int&, Klass*, Symbol*, Symbol*, bool)+0x20c
V  [libjvm.so+0x630f19]  java_lang_String::compute_offsets()+0x39
V  [libjvm.so+0x9aeb46]  SystemDictionary::initialize_preloaded_classes(Thread*)+0x86
V  [libjvm.so+0x9fc79c]  Universe::genesis(Thread*)+0x3cc
V  [libjvm.so+0x9fca4c]  universe2_init()+0x2c
V  [libjvm.so+0x5d461d]  init_globals()+0xbd
V  [libjvm.so+0x9e44ad]  Threads::create_vm(JavaVMInitArgs*, bool*)+0x24d
V  [libjvm.so+0x6659f4]  JNI_CreateJavaVM+0x74
C  [libjli.so+0x703e]  JavaMain+0x9e


---------------  P R O C E S S  ---------------

Java Threads: ( => current thread )

Other Threads:

=>0x00007f342000c000 (exited) JavaThread "Unknown thread" [_thread_in_vm, id=24467, stack(0x00007f3426394000,0x00007f3426495000)]

VM state:not at safepoint (not fully initialized)

VM Mutex/Monitor currently owned by a thread: None

GC Heap History (0 events):
No events

Deoptimization events (0 events):
No events

Internal exceptions (0 events):
No events

Events (10 events):
Event: 0.038 loading class java/lang/CharSequence done
Event: 0.038 loading class java/lang/String done
Event: 0.038 loading class java/lang/Class
Event: 0.038 loading class java/lang/reflect/AnnotatedElement
Event: 0.038 loading class java/lang/reflect/AnnotatedElement done
Event: 0.038 loading class java/lang/reflect/GenericDeclaration
Event: 0.038 loading class java/lang/reflect/GenericDeclaration done
Event: 0.038 loading class java/lang/reflect/Type
Event: 0.038 loading class java/lang/reflect/Type done
Event: 0.038 loading class java/lang/Class done


Dynamic libraries:
00400000-00401000 r-xp 00000000 08:05 3805286                            /usr/lib/jvm/java-8-oracle/bin/java
00600000-00601000 rw-p 00000000 08:05 3805286                            /usr/lib/jvm/java-8-oracle/bin/java
01733000-01754000 rw-p 00000000 00:00 0                                  [heap]
83800000-8b480000 rw-p 00000000 00:00 0 
8b480000-d6800000 ---p 00000000 00:00 0 
d6800000-d6980000 rw-p 00000000 00:00 0 
d6980000-100000000 ---p 00000000 00:00 0 
100000000-100060000 rw-p 00000000 00:00 0 
100060000-140000000 ---p 00000000 00:00 0 
7f33f0000000-7f33f0021000 rw-p 00000000 00:00 0 
7f33f0021000-7f33f4000000 ---p 00000000 00:00 0 
7f33f8000000-7f33f8021000 rw-p 00000000 00:00 0 
7f33f8021000-7f33fc000000 ---p 00000000 00:00 0 
7f3400000000-7f3400021000 rw-p 00000000 00:00 0 
7f3400021000-7f3404000000 ---p 00000000 00:00 0 
7f34041c0000-7f3408000000 rw-p 00000000 00:00 0 
7f3408000000-7f3408021000 rw-p 00000000 00:00 0 
7f3408021000-7f340c000000 ---p 00000000 00:00 0 
7f340de53000-7f340e0bb000 rw-p 00000000 00:00 0 
7f340e0bb000-7f340e192000 r--s 013fe000 08:05 8002476                    /home/niek/Developer/adt-bundle-linux-x86_64-20140321/sdk/platforms/android-19/android.jar
7f340e192000-7f340e608000 rw-p 00000000 00:00 0 
7f340e608000-7f340ea08000 ---p 00000000 00:00 0 
7f340ea08000-7f340edec000 rw-p 00000000 00:00 0 
7f340edec000-7f340eded000 ---p 00000000 00:00 0 
7f340eded000-7f340eeed000 rw-p 00000000 00:00 0 
7f340eeed000-7f340eeee000 ---p 00000000 00:00 0 
7f340eeee000-7f340efee000 rw-p 00000000 00:00 0 
7f340efee000-7f340efef000 ---p 00000000 00:00 0 
7f340efef000-7f340f0ef000 rw-p 00000000 00:00 0 
7f340f0ef000-7f340f0f0000 ---p 00000000 00:00 0 
7f340f0f0000-7f340f22f000 rw-p 00000000 00:00 0 
7f340f22f000-7f340f488000 ---p 00000000 00:00 0 
7f340f488000-7f340f4c7000 rw-p 00000000 00:00 0 
7f340f4c7000-7f340f720000 ---p 00000000 00:00 0 
7f340f720000-7f340f721000 rw-p 00000000 00:00 0 
7f340f721000-7f340f86c000 ---p 00000000 00:00 0 
7f340f86c000-7f340f877000 rw-p 00000000 00:00 0 
7f340f877000-7f340fc2d000 ---p 00000000 00:00 0 
7f340fc2d000-7f340fe9d000 rwxp 00000000 00:00 0 
7f340fe9d000-7f341ec2d000 ---p 00000000 00:00 0 
7f341ec2d000-7f341ec49000 r-xp 00000000 08:05 3935275                    /usr/lib/jvm/java-8-oracle/jre/lib/amd64/libzip.so
7f341ec49000-7f341ee48000 ---p 0001c000 08:05 3935275                    /usr/lib/jvm/java-8-oracle/jre/lib/amd64/libzip.so
7f341ee48000-7f341ee49000 rw-p 0001b000 08:05 3935275                    /usr/lib/jvm/java-8-oracle/jre/lib/amd64/libzip.so
7f341ee49000-7f341ee55000 r-xp 00000000 08:05 5243001                    /lib/x86_64-linux-gnu/libnss_files-2.15.so
7f341ee55000-7f341f054000 ---p 0000c000 08:05 5243001                    /lib/x86_64-linux-gnu/libnss_files-2.15.so
7f341f054000-7f341f055000 r--p 0000b000 08:05 5243001                    /lib/x86_64-linux-gnu/libnss_files-2.15.so
7f341f055000-7f341f056000 rw-p 0000c000 08:05 5243001                    /lib/x86_64-linux-gnu/libnss_files-2.15.so
7f341f056000-7f341f060000 r-xp 00000000 08:05 5243005                    /lib/x86_64-linux-gnu/libnss_nis-2.15.so
7f341f060000-7f341f260000 ---p 0000a000 08:05 5243005                    /lib/x86_64-linux-gnu/libnss_nis-2.15.so
7f341f260000-7f341f261000 r--p 0000a000 08:05 5243005                    /lib/x86_64-linux-gnu/libnss_nis-2.15.so
7f341f261000-7f341f262000 rw-p 0000b000 08:05 5243005                    /lib/x86_64-linux-gnu/libnss_nis-2.15.so
7f341f262000-7f341f279000 r-xp 00000000 08:05 5246926                    /lib/x86_64-linux-gnu/libnsl-2.15.so
7f341f279000-7f341f478000 ---p 00017000 08:05 5246926                    /lib/x86_64-linux-gnu/libnsl-2.15.so
7f341f478000-7f341f479000 r--p 00016000 08:05 5246926                    /lib/x86_64-linux-gnu/libnsl-2.15.so
7f341f479000-7f341f47a000 rw-p 00017000 08:05 5246926                    /lib/x86_64-linux-gnu/libnsl-2.15.so
7f341f47a000-7f341f47c000 rw-p 00000000 00:00 0 
7f341f47c000-7f341f484000 r-xp 00000000 08:05 5242999                    /lib/x86_64-linux-gnu/libnss_compat-2.15.so
7f341f484000-7f341f683000 ---p 00008000 08:05 5242999                    /lib/x86_64-linux-gnu/libnss_compat-2.15.so
7f341f683000-7f341f684000 r--p 00007000 08:05 5242999                    /lib/x86_64-linux-gnu/libnss_compat-2.15.so
7f341f684000-7f341f685000 rw-p 00008000 08:05 5242999                    /lib/x86_64-linux-gnu/libnss_compat-2.15.so
7f341f685000-7f341fbc3000 r--p 00000000 08:05 3805220                    /usr/lib/locale/locale-archive
7f341fbc3000-7f341fbc6000 r-xp 00000000 08:05 3935241                    /usr/lib/jvm/java-8-oracle/jre/lib/amd64/libnpt.so
7f341fbc6000-7f341fdc5000 ---p 00003000 08:05 3935241                    /usr/lib/jvm/java-8-oracle/jre/lib/amd64/libnpt.so
7f341fdc5000-7f341fdc6000 rw-p 00002000 08:05 3935241                    /usr/lib/jvm/java-8-oracle/jre/lib/amd64/libnpt.so
7f341fdc6000-7f341fdff000 r-xp 00000000 08:05 3935252                    /usr/lib/jvm/java-8-oracle/jre/lib/amd64/libjdwp.so
7f341fdff000-7f341fffe000 ---p 00039000 08:05 3935252                    /usr/lib/jvm/java-8-oracle/jre/lib/amd64/libjdwp.so
7f341fffe000-7f3420000000 rw-p 00038000 08:05 3935252                    /usr/lib/jvm/java-8-oracle/jre/lib/amd64/libjdwp.so
7f3420000000-7f3420053000 rw-p 00000000 00:00 0 
7f3420053000-7f3424000000 ---p 00000000 00:00 0 
7f3424033000-7f342405d000 r-xp 00000000 08:05 3935265                    /usr/lib/jvm/java-8-oracle/jre/lib/amd64/libjava.so
7f342405d000-7f342425d000 ---p 0002a000 08:05 3935265                    /usr/lib/jvm/java-8-oracle/jre/lib/amd64/libjava.so
7f342425d000-7f342425f000 rw-p 0002a000 08:05 3935265                    /usr/lib/jvm/java-8-oracle/jre/lib/amd64/libjava.so
7f342425f000-7f342426c000 r-xp 00000000 08:05 3935268                    /usr/lib/jvm/java-8-oracle/jre/lib/amd64/libverify.so
7f342426c000-7f342446c000 ---p 0000d000 08:05 3935268                    /usr/lib/jvm/java-8-oracle/jre/lib/amd64/libverify.so
7f342446c000-7f342446e000 rw-p 0000d000 08:05 3935268                    /usr/lib/jvm/java-8-oracle/jre/lib/amd64/libverify.so
7f342446e000-7f3424475000 r-xp 00000000 08:05 5243004                    /lib/x86_64-linux-gnu/librt-2.15.so
7f3424475000-7f3424674000 ---p 00007000 08:05 5243004                    /lib/x86_64-linux-gnu/librt-2.15.so
7f3424674000-7f3424675000 r--p 00006000 08:05 5243004                    /lib/x86_64-linux-gnu/librt-2.15.so
7f3424675000-7f3424676000 rw-p 00007000 08:05 5243004                    /lib/x86_64-linux-gnu/librt-2.15.so
7f3424676000-7f3424771000 r-xp 00000000 08:05 5243008                    /lib/x86_64-linux-gnu/libm-2.15.so
7f3424771000-7f3424970000 ---p 000fb000 08:05 5243008                    /lib/x86_64-linux-gnu/libm-2.15.so
7f3424970000-7f3424971000 r--p 000fa000 08:05 5243008                    /lib/x86_64-linux-gnu/libm-2.15.so
7f3424971000-7f3424972000 rw-p 000fb000 08:05 5243008                    /lib/x86_64-linux-gnu/libm-2.15.so
7f3424972000-7f342558c000 r-xp 00000000 08:05 3935280                    /usr/lib/jvm/java-8-oracle/jre/lib/amd64/server/libjvm.so
7f342558c000-7f342578b000 ---p 00c1a000 08:05 3935280                    /usr/lib/jvm/java-8-oracle/jre/lib/amd64/server/libjvm.so
7f342578b000-7f3425854000 rw-p 00c19000 08:05 3935280                    /usr/lib/jvm/java-8-oracle/jre/lib/amd64/server/libjvm.so
7f3425854000-7f3425895000 rw-p 00000000 00:00 0 
7f3425895000-7f3425a4a000 r-xp 00000000 08:05 5242892                    /lib/x86_64-linux-gnu/libc-2.15.so
7f3425a4a000-7f3425c4a000 ---p 001b5000 08:05 5242892                    /lib/x86_64-linux-gnu/libc-2.15.so
7f3425c4a000-7f3425c4e000 r--p 001b5000 08:05 5242892                    /lib/x86_64-linux-gnu/libc-2.15.so
7f3425c4e000-7f3425c50000 rw-p 001b9000 08:05 5242892                    /lib/x86_64-linux-gnu/libc-2.15.so
7f3425c50000-7f3425c55000 rw-p 00000000 00:00 0 
7f3425c55000-7f3425c57000 r-xp 00000000 08:05 5243012                    /lib/x86_64-linux-gnu/libdl-2.15.so
7f3425c57000-7f3425e57000 ---p 00002000 08:05 5243012                    /lib/x86_64-linux-gnu/libdl-2.15.so
7f3425e57000-7f3425e58000 r--p 00002000 08:05 5243012                    /lib/x86_64-linux-gnu/libdl-2.15.so
7f3425e58000-7f3425e59000 rw-p 00003000 08:05 5243012                    /lib/x86_64-linux-gnu/libdl-2.15.so
7f3425e59000-7f3425e70000 r-xp 00000000 08:05 3940791                    /usr/lib/jvm/java-8-oracle/lib/amd64/jli/libjli.so
7f3425e70000-7f342606f000 ---p 00017000 08:05 3940791                    /usr/lib/jvm/java-8-oracle/lib/amd64/jli/libjli.so
7f342606f000-7f3426070000 rw-p 00016000 08:05 3940791                    /usr/lib/jvm/java-8-oracle/lib/amd64/jli/libjli.so
7f3426070000-7f3426088000 r-xp 00000000 08:05 5243006                    /lib/x86_64-linux-gnu/libpthread-2.15.so
7f3426088000-7f3426287000 ---p 00018000 08:05 5243006                    /lib/x86_64-linux-gnu/libpthread-2.15.so
7f3426287000-7f3426288000 r--p 00017000 08:05 5243006                    /lib/x86_64-linux-gnu/libpthread-2.15.so
7f3426288000-7f3426289000 rw-p 00018000 08:05 5243006                    /lib/x86_64-linux-gnu/libpthread-2.15.so
7f3426289000-7f342628d000 rw-p 00000000 00:00 0 
7f342628d000-7f34262af000 r-xp 00000000 08:05 5243009                    /lib/x86_64-linux-gnu/ld-2.15.so
7f34262c2000-7f3426394000 rw-p 00000000 00:00 0 
7f3426394000-7f3426397000 ---p 00000000 00:00 0 
7f3426397000-7f3426499000 rw-p 00000000 00:00 0 
7f34264a2000-7f34264a3000 rw-p 00000000 00:00 0 
7f34264a3000-7f34264ab000 rw-s 00000000 08:05 12976211                   /tmp/hsperfdata_niek/24465
7f34264ab000-7f34264ac000 rw-p 00000000 00:00 0 
7f34264ac000-7f34264ad000 r--p 00000000 00:00 0 
7f34264ad000-7f34264af000 rw-p 00000000 00:00 0 
7f34264af000-7f34264b0000 r--p 00022000 08:05 5243009                    /lib/x86_64-linux-gnu/ld-2.15.so
7f34264b0000-7f34264b2000 rw-p 00023000 08:05 5243009                    /lib/x86_64-linux-gnu/ld-2.15.so
7fff5409e000-7fff540bf000 rw-p 00000000 00:00 0                          [stack]
7fff541e9000-7fff541ea000 r-xp 00000000 00:00 0                          [vdso]
ffffffffff600000-ffffffffff601000 r-xp 00000000 00:00 0                  [vsyscall]

VM Arguments:
jvm_args: -agentlib:jdwp=transport=dt_socket,suspend=y,address=localhost:39995 -Dfile.encoding=UTF-8 -Xbootclasspath:/home/niek/Developer/adt-bundle-linux-x86_64-20140321/sdk/platforms/android-19/android.jar 
java_command: com.ilmoitus.listener.ManagerOnItemSelectedListener
java_class_path (initial): /home/niek/Documents/ilmoitus/ilmoitus_mobile/Android/libs/android-support-v4.jar:/home/niek/Documents/ilmoitus/ilmoitus_mobile/Android/bin/classes
Launcher Type: SUN_STANDARD

Environment Variables:
PATH=/usr/lib/lightdm/lightdm:/usr/local/sbin:/usr/local/bin:/usr/sbin:/usr/bin:/sbin:/bin:/usr/games
SHELL=/bin/bash
DISPLAY=:0

Signal Handlers:
SIGSEGV: [libjvm.so+0xa2fc90], sa_mask[0]=0x7ffbfeff, sa_flags=0x10000004
SIGBUS: [libjvm.so+0xa2fc90], sa_mask[0]=0x7ffbfeff, sa_flags=0x10000004
SIGFPE: [libjvm.so+0x89b4b0], sa_mask[0]=0x7ffbfeff, sa_flags=0x10000004
SIGPIPE: [libjvm.so+0x89b4b0], sa_mask[0]=0x7ffbfeff, sa_flags=0x10000004
SIGXFSZ: [libjvm.so+0x89b4b0], sa_mask[0]=0x7ffbfeff, sa_flags=0x10000004
SIGILL: [libjvm.so+0x89b4b0], sa_mask[0]=0x7ffbfeff, sa_flags=0x10000004
SIGUSR1: SIG_DFL, sa_mask[0]=0x00000000, sa_flags=0x00000000
SIGUSR2: [libjvm.so+0x89cc50], sa_mask[0]=0x00000004, sa_flags=0x10000004
SIGHUP: SIG_DFL, sa_mask[0]=0x00000000, sa_flags=0x00000000
SIGINT: SIG_DFL, sa_mask[0]=0x00000000, sa_flags=0x00000000
SIGTERM: SIG_DFL, sa_mask[0]=0x00000000, sa_flags=0x00000000
SIGQUIT: SIG_DFL, sa_mask[0]=0x00000000, sa_flags=0x00000000


---------------  S Y S T E M  ---------------

OS:DISTRIB_ID="elementary OS"
DISTRIB_RELEASE=0.2
DISTRIB_CODENAME=luna
DISTRIB_DESCRIPTION="elementary OS Luna"

uname:Linux 3.2.0-61-generic #93-Ubuntu SMP Fri May 2 21:31:50 UTC 2014 x86_64
libc:glibc 2.15 NPTL 2.15 
rlimit: STACK 8192k, CORE 0k, NPROC 63526, NOFILE 4096, AS infinity
load average:1.00 0.70 0.61

/proc/meminfo:
MemTotal:        8154884 kB
MemFree:         3838452 kB
Buffers:          191832 kB
Cached:          1661412 kB
SwapCached:            0 kB
Active:          3059756 kB
Inactive:         908932 kB
Active(anon):    2116676 kB
Inactive(anon):    17560 kB
Active(file):     943080 kB
Inactive(file):   891372 kB
Unevictable:          16 kB
Mlocked:              16 kB
SwapTotal:       8363004 kB
SwapFree:        8363004 kB
Dirty:              2992 kB
Writeback:             0 kB
AnonPages:       2115500 kB
Mapped:           204872 kB
Shmem:             18708 kB
Slab:             110896 kB
SReclaimable:      80956 kB
SUnreclaim:        29940 kB
KernelStack:        3752 kB
PageTables:        26092 kB
NFS_Unstable:          0 kB
Bounce:                0 kB
WritebackTmp:          0 kB
CommitLimit:    12440444 kB
Committed_AS:    6942088 kB
VmallocTotal:   34359738367 kB
VmallocUsed:      106672 kB
VmallocChunk:   34359623152 kB
HardwareCorrupted:     0 kB
AnonHugePages:         0 kB
HugePages_Total:       0
HugePages_Free:        0
HugePages_Rsvd:        0
HugePages_Surp:        0
Hugepagesize:       2048 kB
DirectMap4k:      200704 kB
DirectMap2M:     8171520 kB


CPU:total 4 (4 cores per cpu, 1 threads per core) family 6 model 42 stepping 7, cmov, cx8, fxsr, mmx, sse, sse2, sse3, ssse3, sse4.1, sse4.2, popcnt, avx, aes, clmul, tsc, tscinvbit

/proc/cpuinfo:
processor	: 0
vendor_id	: GenuineIntel
cpu family	: 6
model		: 42
model name	: Intel(R) Core(TM) i5-2500K CPU @ 3.30GHz
stepping	: 7
microcode	: 0x14
cpu MHz		: 3301.000
cache size	: 6144 KB
physical id	: 0
siblings	: 4
core id		: 0
cpu cores	: 4
apicid		: 0
initial apicid	: 0
fpu		: yes
fpu_exception	: yes
cpuid level	: 13
wp		: yes
flags		: fpu vme de pse tsc msr pae mce cx8 apic sep mtrr pge mca cmov pat pse36 clflush dts acpi mmx fxsr sse sse2 ss ht tm pbe syscall nx rdtscp lm constant_tsc arch_perfmon pebs bts rep_good nopl xtopology nonstop_tsc aperfmperf pni pclmulqdq dtes64 monitor ds_cpl vmx est tm2 ssse3 cx16 xtpr pdcm pcid sse4_1 sse4_2 popcnt tsc_deadline_timer aes xsave avx lahf_lm ida arat epb xsaveopt pln pts dtherm tpr_shadow vnmi flexpriority ept vpid
bogomips	: 6621.22
clflush size	: 64
cache_alignment	: 64
address sizes	: 36 bits physical, 48 bits virtual
power management:

processor	: 1
vendor_id	: GenuineIntel
cpu family	: 6
model		: 42
model name	: Intel(R) Core(TM) i5-2500K CPU @ 3.30GHz
stepping	: 7
microcode	: 0x14
cpu MHz		: 3301.000
cache size	: 6144 KB
physical id	: 0
siblings	: 4
core id		: 1
cpu cores	: 4
apicid		: 2
initial apicid	: 2
fpu		: yes
fpu_exception	: yes
cpuid level	: 13
wp		: yes
flags		: fpu vme de pse tsc msr pae mce cx8 apic sep mtrr pge mca cmov pat pse36 clflush dts acpi mmx fxsr sse sse2 ss ht tm pbe syscall nx rdtscp lm constant_tsc arch_perfmon pebs bts rep_good nopl xtopology nonstop_tsc aperfmperf pni pclmulqdq dtes64 monitor ds_cpl vmx est tm2 ssse3 cx16 xtpr pdcm pcid sse4_1 sse4_2 popcnt tsc_deadline_timer aes xsave avx lahf_lm ida arat epb xsaveopt pln pts dtherm tpr_shadow vnmi flexpriority ept vpid
bogomips	: 6621.42
clflush size	: 64
cache_alignment	: 64
address sizes	: 36 bits physical, 48 bits virtual
power management:

processor	: 2
vendor_id	: GenuineIntel
cpu family	: 6
model		: 42
model name	: Intel(R) Core(TM) i5-2500K CPU @ 3.30GHz
stepping	: 7
microcode	: 0x14
cpu MHz		: 3200.000
cache size	: 6144 KB
physical id	: 0
siblings	: 4
core id		: 2
cpu cores	: 4
apicid		: 4
initial apicid	: 4
fpu		: yes
fpu_exception	: yes
cpuid level	: 13
wp		: yes
flags		: fpu vme de pse tsc msr pae mce cx8 apic sep mtrr pge mca cmov pat pse36 clflush dts acpi mmx fxsr sse sse2 ss ht tm pbe syscall nx rdtscp lm constant_tsc arch_perfmon pebs bts rep_good nopl xtopology nonstop_tsc aperfmperf pni pclmulqdq dtes64 monitor ds_cpl vmx est tm2 ssse3 cx16 xtpr pdcm pcid sse4_1 sse4_2 popcnt tsc_deadline_timer aes xsave avx lahf_lm ida arat epb xsaveopt pln pts dtherm tpr_shadow vnmi flexpriority ept vpid
bogomips	: 6621.43
clflush size	: 64
cache_alignment	: 64
address sizes	: 36 bits physical, 48 bits virtual
power management:

processor	: 3
vendor_id	: GenuineIntel
cpu family	: 6
model		: 42
model name	: Intel(R) Core(TM) i5-2500K CPU @ 3.30GHz
stepping	: 7
microcode	: 0x14
cpu MHz		: 3000.000
cache size	: 6144 KB
physical id	: 0
siblings	: 4
core id		: 3
cpu cores	: 4
apicid		: 6
initial apicid	: 6
fpu		: yes
fpu_exception	: yes
cpuid level	: 13
wp		: yes
flags		: fpu vme de pse tsc msr pae mce cx8 apic sep mtrr pge mca cmov pat pse36 clflush dts acpi mmx fxsr sse sse2 ss ht tm pbe syscall nx rdtscp lm constant_tsc arch_perfmon pebs bts rep_good nopl xtopology nonstop_tsc aperfmperf pni pclmulqdq dtes64 monitor ds_cpl vmx est tm2 ssse3 cx16 xtpr pdcm pcid sse4_1 sse4_2 popcnt tsc_deadline_timer aes xsave avx lahf_lm ida arat epb xsaveopt pln pts dtherm tpr_shadow vnmi flexpriority ept vpid
bogomips	: 6621.41
clflush size	: 64
cache_alignment	: 64
address sizes	: 36 bits physical, 48 bits virtual
power management:



Memory: 4k page, physical 8154884k(3838452k free), swap 8363004k(8363004k free)

vm_info: Java HotSpot(TM) 64-Bit Server VM (25.5-b02) for linux-amd64 JRE (1.8.0_05-b13), built on Mar 18 2014 00:29:27 by "java_re" with gcc 4.3.0 20080428 (Red Hat 4.3.0-8)

time: Tue May 13 15:07:00 2014
elapsed time: 0 seconds

