#
# A fatal error has been detected by the Java Runtime Environment:
#
#  Internal Error (javaClasses.cpp:124), pid=24480, tid=139964701251328
#  fatal error: Invalid layout of preloaded class
#
# JRE version:  (8.0_05-b13) (build )
# Java VM: Java HotSpot(TM) 64-Bit Server VM (25.5-b02 mixed mode linux-amd64 compressed oops)
# Failed to write core dump. Core dumps have been disabled. To enable core dumping, try "ulimit -c unlimited" before starting Java again
#
# If you would like to submit a bug report, please visit:
#   http://bugreport.sun.com/bugreport/crash.jsp
#

---------------  T H R E A D  ---------------

Current thread (0x00007f4c0c00c000):  JavaThread "Unknown thread" [_thread_in_vm, id=24482, stack(0x00007f4c123c9000,0x00007f4c124ca000)]

Stack: [0x00007f4c123c9000,0x00007f4c124ca000],  sp=0x00007f4c124c87e0,  free space=1021k
Native frames: (J=compiled Java code, j=interpreted, Vv=VM code, C=native code)
V  [libjvm.so+0xa2f43a]  VMError::report_and_die()+0x2ca
V  [libjvm.so+0x4b2809]  report_fatal(char const*, int, char const*)+0x59
V  [libjvm.so+0x63016c]  compute_offset(int&, Klass*, Symbol*, Symbol*, bool)+0x20c
V  [libjvm.so+0x630f19]  java_lang_String::compute_offsets()+0x39
V  [libjvm.so+0x9aeb46]  SystemDictionary::initialize_preloaded_classes(Thread*)+0x86
V  [libjvm.so+0x9fc79c]  Universe::genesis(Thread*)+0x3cc
V  [libjvm.so+0x9fca4c]  universe2_init()+0x2c
V  [libjvm.so+0x5d461d]  init_globals()+0xbd
V  [libjvm.so+0x9e44ad]  Threads::create_vm(JavaVMInitArgs*, bool*)+0x24d
V  [libjvm.so+0x6659f4]  JNI_CreateJavaVM+0x74
C  [libjli.so+0x703e]  JavaMain+0x9e


---------------  P R O C E S S  ---------------

Java Threads: ( => current thread )

Other Threads:

=>0x00007f4c0c00c000 (exited) JavaThread "Unknown thread" [_thread_in_vm, id=24482, stack(0x00007f4c123c9000,0x00007f4c124ca000)]

VM state:not at safepoint (not fully initialized)

VM Mutex/Monitor currently owned by a thread: None

GC Heap History (0 events):
No events

Deoptimization events (0 events):
No events

Internal exceptions (0 events):
No events

Events (10 events):
Event: 0.011 loading class java/lang/CharSequence done
Event: 0.011 loading class java/lang/String done
Event: 0.011 loading class java/lang/Class
Event: 0.011 loading class java/lang/reflect/AnnotatedElement
Event: 0.011 loading class java/lang/reflect/AnnotatedElement done
Event: 0.011 loading class java/lang/reflect/GenericDeclaration
Event: 0.011 loading class java/lang/reflect/GenericDeclaration done
Event: 0.011 loading class java/lang/reflect/Type
Event: 0.011 loading class java/lang/reflect/Type done
Event: 0.011 loading class java/lang/Class done


Dynamic libraries:
00400000-00401000 r-xp 00000000 08:05 3805286                            /usr/lib/jvm/java-8-oracle/bin/java
00600000-00601000 rw-p 00000000 08:05 3805286                            /usr/lib/jvm/java-8-oracle/bin/java
021cd000-021ee000 rw-p 00000000 00:00 0                                  [heap]
83800000-8b480000 rw-p 00000000 00:00 0 
8b480000-d6800000 ---p 00000000 00:00 0 
d6800000-d6980000 rw-p 00000000 00:00 0 
d6980000-100000000 ---p 00000000 00:00 0 
100000000-100060000 rw-p 00000000 00:00 0 
100060000-140000000 ---p 00000000 00:00 0 
7f4bdc000000-7f4bdc021000 rw-p 00000000 00:00 0 
7f4bdc021000-7f4be0000000 ---p 00000000 00:00 0 
7f4be4000000-7f4be4021000 rw-p 00000000 00:00 0 
7f4be4021000-7f4be8000000 ---p 00000000 00:00 0 
7f4bec000000-7f4bec021000 rw-p 00000000 00:00 0 
7f4bec021000-7f4bf0000000 ---p 00000000 00:00 0 
7f4bf01c0000-7f4bf4000000 rw-p 00000000 00:00 0 
7f4bf4000000-7f4bf4021000 rw-p 00000000 00:00 0 
7f4bf4021000-7f4bf8000000 ---p 00000000 00:00 0 
7f4bf9e53000-7f4bfa0bb000 rw-p 00000000 00:00 0 
7f4bfa0bb000-7f4bfa192000 r--s 013fe000 08:05 8002476                    /home/niek/Developer/adt-bundle-linux-x86_64-20140321/sdk/platforms/android-19/android.jar
7f4bfa192000-7f4bfa608000 rw-p 00000000 00:00 0 
7f4bfa608000-7f4bfaa08000 ---p 00000000 00:00 0 
7f4bfaa08000-7f4bfadec000 rw-p 00000000 00:00 0 
7f4bfadec000-7f4bfaded000 ---p 00000000 00:00 0 
7f4bfaded000-7f4bfaeed000 rw-p 00000000 00:00 0 
7f4bfaeed000-7f4bfaeee000 ---p 00000000 00:00 0 
7f4bfaeee000-7f4bfafee000 rw-p 00000000 00:00 0 
7f4bfafee000-7f4bfafef000 ---p 00000000 00:00 0 
7f4bfafef000-7f4bfb0ef000 rw-p 00000000 00:00 0 
7f4bfb0ef000-7f4bfb0f0000 ---p 00000000 00:00 0 
7f4bfb0f0000-7f4bfb22f000 rw-p 00000000 00:00 0 
7f4bfb22f000-7f4bfb488000 ---p 00000000 00:00 0 
7f4bfb488000-7f4bfb4c7000 rw-p 00000000 00:00 0 
7f4bfb4c7000-7f4bfb720000 ---p 00000000 00:00 0 
7f4bfb720000-7f4bfb721000 rw-p 00000000 00:00 0 
7f4bfb721000-7f4bfb86c000 ---p 00000000 00:00 0 
7f4bfb86c000-7f4bfb877000 rw-p 00000000 00:00 0 
7f4bfb877000-7f4bfbc2d000 ---p 00000000 00:00 0 
7f4bfbc2d000-7f4bfbe9d000 rwxp 00000000 00:00 0 
7f4bfbe9d000-7f4c0ac2d000 ---p 00000000 00:00 0 
7f4c0ac2d000-7f4c0ac49000 r-xp 00000000 08:05 3935275                    /usr/lib/jvm/java-8-oracle/jre/lib/amd64/libzip.so
7f4c0ac49000-7f4c0ae48000 ---p 0001c000 08:05 3935275                    /usr/lib/jvm/java-8-oracle/jre/lib/amd64/libzip.so
7f4c0ae48000-7f4c0ae49000 rw-p 0001b000 08:05 3935275                    /usr/lib/jvm/java-8-oracle/jre/lib/amd64/libzip.so
7f4c0ae49000-7f4c0ae55000 r-xp 00000000 08:05 5243001                    /lib/x86_64-linux-gnu/libnss_files-2.15.so
7f4c0ae55000-7f4c0b054000 ---p 0000c000 08:05 5243001                    /lib/x86_64-linux-gnu/libnss_files-2.15.so
7f4c0b054000-7f4c0b055000 r--p 0000b000 08:05 5243001                    /lib/x86_64-linux-gnu/libnss_files-2.15.so
7f4c0b055000-7f4c0b056000 rw-p 0000c000 08:05 5243001                    /lib/x86_64-linux-gnu/libnss_files-2.15.so
7f4c0b056000-7f4c0b060000 r-xp 00000000 08:05 5243005                    /lib/x86_64-linux-gnu/libnss_nis-2.15.so
7f4c0b060000-7f4c0b260000 ---p 0000a000 08:05 5243005                    /lib/x86_64-linux-gnu/libnss_nis-2.15.so
7f4c0b260000-7f4c0b261000 r--p 0000a000 08:05 5243005                    /lib/x86_64-linux-gnu/libnss_nis-2.15.so
7f4c0b261000-7f4c0b262000 rw-p 0000b000 08:05 5243005                    /lib/x86_64-linux-gnu/libnss_nis-2.15.so
7f4c0b262000-7f4c0b279000 r-xp 00000000 08:05 5246926                    /lib/x86_64-linux-gnu/libnsl-2.15.so
7f4c0b279000-7f4c0b478000 ---p 00017000 08:05 5246926                    /lib/x86_64-linux-gnu/libnsl-2.15.so
7f4c0b478000-7f4c0b479000 r--p 00016000 08:05 5246926                    /lib/x86_64-linux-gnu/libnsl-2.15.so
7f4c0b479000-7f4c0b47a000 rw-p 00017000 08:05 5246926                    /lib/x86_64-linux-gnu/libnsl-2.15.so
7f4c0b47a000-7f4c0b47c000 rw-p 00000000 00:00 0 
7f4c0b47c000-7f4c0b484000 r-xp 00000000 08:05 5242999                    /lib/x86_64-linux-gnu/libnss_compat-2.15.so
7f4c0b484000-7f4c0b683000 ---p 00008000 08:05 5242999                    /lib/x86_64-linux-gnu/libnss_compat-2.15.so
7f4c0b683000-7f4c0b684000 r--p 00007000 08:05 5242999                    /lib/x86_64-linux-gnu/libnss_compat-2.15.so
7f4c0b684000-7f4c0b685000 rw-p 00008000 08:05 5242999                    /lib/x86_64-linux-gnu/libnss_compat-2.15.so
7f4c0b685000-7f4c0bbc3000 r--p 00000000 08:05 3805220                    /usr/lib/locale/locale-archive
7f4c0bbc3000-7f4c0bbc6000 r-xp 00000000 08:05 3935241                    /usr/lib/jvm/java-8-oracle/jre/lib/amd64/libnpt.so
7f4c0bbc6000-7f4c0bdc5000 ---p 00003000 08:05 3935241                    /usr/lib/jvm/java-8-oracle/jre/lib/amd64/libnpt.so
7f4c0bdc5000-7f4c0bdc6000 rw-p 00002000 08:05 3935241                    /usr/lib/jvm/java-8-oracle/jre/lib/amd64/libnpt.so
7f4c0bdc6000-7f4c0bdff000 r-xp 00000000 08:05 3935252                    /usr/lib/jvm/java-8-oracle/jre/lib/amd64/libjdwp.so
7f4c0bdff000-7f4c0bffe000 ---p 00039000 08:05 3935252                    /usr/lib/jvm/java-8-oracle/jre/lib/amd64/libjdwp.so
7f4c0bffe000-7f4c0c000000 rw-p 00038000 08:05 3935252                    /usr/lib/jvm/java-8-oracle/jre/lib/amd64/libjdwp.so
7f4c0c000000-7f4c0c053000 rw-p 00000000 00:00 0 
7f4c0c053000-7f4c10000000 ---p 00000000 00:00 0 
7f4c10068000-7f4c10092000 r-xp 00000000 08:05 3935265                    /usr/lib/jvm/java-8-oracle/jre/lib/amd64/libjava.so
7f4c10092000-7f4c10292000 ---p 0002a000 08:05 3935265                    /usr/lib/jvm/java-8-oracle/jre/lib/amd64/libjava.so
7f4c10292000-7f4c10294000 rw-p 0002a000 08:05 3935265                    /usr/lib/jvm/java-8-oracle/jre/lib/amd64/libjava.so
7f4c10294000-7f4c102a1000 r-xp 00000000 08:05 3935268                    /usr/lib/jvm/java-8-oracle/jre/lib/amd64/libverify.so
7f4c102a1000-7f4c104a1000 ---p 0000d000 08:05 3935268                    /usr/lib/jvm/java-8-oracle/jre/lib/amd64/libverify.so
7f4c104a1000-7f4c104a3000 rw-p 0000d000 08:05 3935268                    /usr/lib/jvm/java-8-oracle/jre/lib/amd64/libverify.so
7f4c104a3000-7f4c104aa000 r-xp 00000000 08:05 5243004                    /lib/x86_64-linux-gnu/librt-2.15.so
7f4c104aa000-7f4c106a9000 ---p 00007000 08:05 5243004                    /lib/x86_64-linux-gnu/librt-2.15.so
7f4c106a9000-7f4c106aa000 r--p 00006000 08:05 5243004                    /lib/x86_64-linux-gnu/librt-2.15.so
7f4c106aa000-7f4c106ab000 rw-p 00007000 08:05 5243004                    /lib/x86_64-linux-gnu/librt-2.15.so
7f4c106ab000-7f4c107a6000 r-xp 00000000 08:05 5243008                    /lib/x86_64-linux-gnu/libm-2.15.so
7f4c107a6000-7f4c109a5000 ---p 000fb000 08:05 5243008                    /lib/x86_64-linux-gnu/libm-2.15.so
7f4c109a5000-7f4c109a6000 r--p 000fa000 08:05 5243008                    /lib/x86_64-linux-gnu/libm-2.15.so
7f4c109a6000-7f4c109a7000 rw-p 000fb000 08:05 5243008                    /lib/x86_64-linux-gnu/libm-2.15.so
7f4c109a7000-7f4c115c1000 r-xp 00000000 08:05 3935280                    /usr/lib/jvm/java-8-oracle/jre/lib/amd64/server/libjvm.so
7f4c115c1000-7f4c117c0000 ---p 00c1a000 08:05 3935280                    /usr/lib/jvm/java-8-oracle/jre/lib/amd64/server/libjvm.so
7f4c117c0000-7f4c11889000 rw-p 00c19000 08:05 3935280                    /usr/lib/jvm/java-8-oracle/jre/lib/amd64/server/libjvm.so
7f4c11889000-7f4c118ca000 rw-p 00000000 00:00 0 
7f4c118ca000-7f4c11a7f000 r-xp 00000000 08:05 5242892                    /lib/x86_64-linux-gnu/libc-2.15.so
7f4c11a7f000-7f4c11c7f000 ---p 001b5000 08:05 5242892                    /lib/x86_64-linux-gnu/libc-2.15.so
7f4c11c7f000-7f4c11c83000 r--p 001b5000 08:05 5242892                    /lib/x86_64-linux-gnu/libc-2.15.so
7f4c11c83000-7f4c11c85000 rw-p 001b9000 08:05 5242892                    /lib/x86_64-linux-gnu/libc-2.15.so
7f4c11c85000-7f4c11c8a000 rw-p 00000000 00:00 0 
7f4c11c8a000-7f4c11c8c000 r-xp 00000000 08:05 5243012                    /lib/x86_64-linux-gnu/libdl-2.15.so
7f4c11c8c000-7f4c11e8c000 ---p 00002000 08:05 5243012                    /lib/x86_64-linux-gnu/libdl-2.15.so
7f4c11e8c000-7f4c11e8d000 r--p 00002000 08:05 5243012                    /lib/x86_64-linux-gnu/libdl-2.15.so
7f4c11e8d000-7f4c11e8e000 rw-p 00003000 08:05 5243012                    /lib/x86_64-linux-gnu/libdl-2.15.so
7f4c11e8e000-7f4c11ea5000 r-xp 00000000 08:05 3940791                    /usr/lib/jvm/java-8-oracle/lib/amd64/jli/libjli.so
7f4c11ea5000-7f4c120a4000 ---p 00017000 08:05 3940791                    /usr/lib/jvm/java-8-oracle/lib/amd64/jli/libjli.so
7f4c120a4000-7f4c120a5000 rw-p 00016000 08:05 3940791                    /usr/lib/jvm/java-8-oracle/lib/amd64/jli/libjli.so
7f4c120a5000-7f4c120bd000 r-xp 00000000 08:05 5243006                    /lib/x86_64-linux-gnu/libpthread-2.15.so
7f4c120bd000-7f4c122bc000 ---p 00018000 08:05 5243006                    /lib/x86_64-linux-gnu/libpthread-2.15.so
7f4c122bc000-7f4c122bd000 r--p 00017000 08:05 5243006                    /lib/x86_64-linux-gnu/libpthread-2.15.so
7f4c122bd000-7f4c122be000 rw-p 00018000 08:05 5243006                    /lib/x86_64-linux-gnu/libpthread-2.15.so
7f4c122be000-7f4c122c2000 rw-p 00000000 00:00 0 
7f4c122c2000-7f4c122e4000 r-xp 00000000 08:05 5243009                    /lib/x86_64-linux-gnu/ld-2.15.so
7f4c122f7000-7f4c123c9000 rw-p 00000000 00:00 0 
7f4c123c9000-7f4c123cc000 ---p 00000000 00:00 0 
7f4c123cc000-7f4c124ce000 rw-p 00000000 00:00 0 
7f4c124d7000-7f4c124d8000 rw-p 00000000 00:00 0 
7f4c124d8000-7f4c124e0000 rw-s 00000000 08:05 12976211                   /tmp/hsperfdata_niek/24480
7f4c124e0000-7f4c124e1000 rw-p 00000000 00:00 0 
7f4c124e1000-7f4c124e2000 r--p 00000000 00:00 0 
7f4c124e2000-7f4c124e4000 rw-p 00000000 00:00 0 
7f4c124e4000-7f4c124e5000 r--p 00022000 08:05 5243009                    /lib/x86_64-linux-gnu/ld-2.15.so
7f4c124e5000-7f4c124e7000 rw-p 00023000 08:05 5243009                    /lib/x86_64-linux-gnu/ld-2.15.so
7fffcb738000-7fffcb759000 rw-p 00000000 00:00 0                          [stack]
7fffcb7ff000-7fffcb800000 r-xp 00000000 00:00 0                          [vdso]
ffffffffff600000-ffffffffff601000 r-xp 00000000 00:00 0                  [vsyscall]

VM Arguments:
jvm_args: -agentlib:jdwp=transport=dt_socket,suspend=y,address=localhost:47351 -Dfile.encoding=UTF-8 -Xbootclasspath:/home/niek/Developer/adt-bundle-linux-x86_64-20140321/sdk/platforms/android-19/android.jar 
java_command: com.ilmoitus.listener.ManagerOnItemSelectedListener
java_class_path (initial): /home/niek/Documents/ilmoitus/ilmoitus_mobile/Android/libs/android-support-v4.jar:/home/niek/Documents/ilmoitus/ilmoitus_mobile/Android/bin/classes
Launcher Type: SUN_STANDARD

Environment Variables:
PATH=/usr/lib/lightdm/lightdm:/usr/local/sbin:/usr/local/bin:/usr/sbin:/usr/bin:/sbin:/bin:/usr/games
SHELL=/bin/bash
DISPLAY=:0

Signal Handlers:
SIGSEGV: [libjvm.so+0xa2fc90], sa_mask[0]=0x7ffbfeff, sa_flags=0x10000004
SIGBUS: [libjvm.so+0xa2fc90], sa_mask[0]=0x7ffbfeff, sa_flags=0x10000004
SIGFPE: [libjvm.so+0x89b4b0], sa_mask[0]=0x7ffbfeff, sa_flags=0x10000004
SIGPIPE: [libjvm.so+0x89b4b0], sa_mask[0]=0x7ffbfeff, sa_flags=0x10000004
SIGXFSZ: [libjvm.so+0x89b4b0], sa_mask[0]=0x7ffbfeff, sa_flags=0x10000004
SIGILL: [libjvm.so+0x89b4b0], sa_mask[0]=0x7ffbfeff, sa_flags=0x10000004
SIGUSR1: SIG_DFL, sa_mask[0]=0x00000000, sa_flags=0x00000000
SIGUSR2: [libjvm.so+0x89cc50], sa_mask[0]=0x00000004, sa_flags=0x10000004
SIGHUP: SIG_DFL, sa_mask[0]=0x00000000, sa_flags=0x00000000
SIGINT: SIG_DFL, sa_mask[0]=0x00000000, sa_flags=0x00000000
SIGTERM: SIG_DFL, sa_mask[0]=0x00000000, sa_flags=0x00000000
SIGQUIT: SIG_DFL, sa_mask[0]=0x00000000, sa_flags=0x00000000


---------------  S Y S T E M  ---------------

OS:DISTRIB_ID="elementary OS"
DISTRIB_RELEASE=0.2
DISTRIB_CODENAME=luna
DISTRIB_DESCRIPTION="elementary OS Luna"

uname:Linux 3.2.0-61-generic #93-Ubuntu SMP Fri May 2 21:31:50 UTC 2014 x86_64
libc:glibc 2.15 NPTL 2.15 
rlimit: STACK 8192k, CORE 0k, NPROC 63526, NOFILE 4096, AS infinity
load average:0.93 0.70 0.61

/proc/meminfo:
MemTotal:        8154884 kB
MemFree:         3837092 kB
Buffers:          191840 kB
Cached:          1661924 kB
SwapCached:            0 kB
Active:          3060944 kB
Inactive:         909212 kB
Active(anon):    2117536 kB
Inactive(anon):    17560 kB
Active(file):     943408 kB
Inactive(file):   891652 kB
Unevictable:          16 kB
Mlocked:              16 kB
SwapTotal:       8363004 kB
SwapFree:        8363004 kB
Dirty:              3024 kB
Writeback:             0 kB
AnonPages:       2116788 kB
Mapped:           204908 kB
Shmem:             18708 kB
Slab:             110908 kB
SReclaimable:      80960 kB
SUnreclaim:        29948 kB
KernelStack:        3760 kB
PageTables:        26100 kB
NFS_Unstable:          0 kB
Bounce:                0 kB
WritebackTmp:          0 kB
CommitLimit:    12440444 kB
Committed_AS:    6942704 kB
VmallocTotal:   34359738367 kB
VmallocUsed:      106672 kB
VmallocChunk:   34359623152 kB
HardwareCorrupted:     0 kB
AnonHugePages:         0 kB
HugePages_Total:       0
HugePages_Free:        0
HugePages_Rsvd:        0
HugePages_Surp:        0
Hugepagesize:       2048 kB
DirectMap4k:      200704 kB
DirectMap2M:     8171520 kB


CPU:total 4 (4 cores per cpu, 1 threads per core) family 6 model 42 stepping 7, cmov, cx8, fxsr, mmx, sse, sse2, sse3, ssse3, sse4.1, sse4.2, popcnt, avx, aes, clmul, tsc, tscinvbit

/proc/cpuinfo:
processor	: 0
vendor_id	: GenuineIntel
cpu family	: 6
model		: 42
model name	: Intel(R) Core(TM) i5-2500K CPU @ 3.30GHz
stepping	: 7
microcode	: 0x14
cpu MHz		: 3301.000
cache size	: 6144 KB
physical id	: 0
siblings	: 4
core id		: 0
cpu cores	: 4
apicid		: 0
initial apicid	: 0
fpu		: yes
fpu_exception	: yes
cpuid level	: 13
wp		: yes
flags		: fpu vme de pse tsc msr pae mce cx8 apic sep mtrr pge mca cmov pat pse36 clflush dts acpi mmx fxsr sse sse2 ss ht tm pbe syscall nx rdtscp lm constant_tsc arch_perfmon pebs bts rep_good nopl xtopology nonstop_tsc aperfmperf pni pclmulqdq dtes64 monitor ds_cpl vmx est tm2 ssse3 cx16 xtpr pdcm pcid sse4_1 sse4_2 popcnt tsc_deadline_timer aes xsave avx lahf_lm ida arat epb xsaveopt pln pts dtherm tpr_shadow vnmi flexpriority ept vpid
bogomips	: 6621.22
clflush size	: 64
cache_alignment	: 64
address sizes	: 36 bits physical, 48 bits virtual
power management:

processor	: 1
vendor_id	: GenuineIntel
cpu family	: 6
model		: 42
model name	: Intel(R) Core(TM) i5-2500K CPU @ 3.30GHz
stepping	: 7
microcode	: 0x14
cpu MHz		: 3301.000
cache size	: 6144 KB
physical id	: 0
siblings	: 4
core id		: 1
cpu cores	: 4
apicid		: 2
initial apicid	: 2
fpu		: yes
fpu_exception	: yes
cpuid level	: 13
wp		: yes
flags		: fpu vme de pse tsc msr pae mce cx8 apic sep mtrr pge mca cmov pat pse36 clflush dts acpi mmx fxsr sse sse2 ss ht tm pbe syscall nx rdtscp lm constant_tsc arch_perfmon pebs bts rep_good nopl xtopology nonstop_tsc aperfmperf pni pclmulqdq dtes64 monitor ds_cpl vmx est tm2 ssse3 cx16 xtpr pdcm pcid sse4_1 sse4_2 popcnt tsc_deadline_timer aes xsave avx lahf_lm ida arat epb xsaveopt pln pts dtherm tpr_shadow vnmi flexpriority ept vpid
bogomips	: 6621.42
clflush size	: 64
cache_alignment	: 64
address sizes	: 36 bits physical, 48 bits virtual
power management:

processor	: 2
vendor_id	: GenuineIntel
cpu family	: 6
model		: 42
model name	: Intel(R) Core(TM) i5-2500K CPU @ 3.30GHz
stepping	: 7
microcode	: 0x14
cpu MHz		: 2600.000
cache size	: 6144 KB
physical id	: 0
siblings	: 4
core id		: 2
cpu cores	: 4
apicid		: 4
initial apicid	: 4
fpu		: yes
fpu_exception	: yes
cpuid level	: 13
wp		: yes
flags		: fpu vme de pse tsc msr pae mce cx8 apic sep mtrr pge mca cmov pat pse36 clflush dts acpi mmx fxsr sse sse2 ss ht tm pbe syscall nx rdtscp lm constant_tsc arch_perfmon pebs bts rep_good nopl xtopology nonstop_tsc aperfmperf pni pclmulqdq dtes64 monitor ds_cpl vmx est tm2 ssse3 cx16 xtpr pdcm pcid sse4_1 sse4_2 popcnt tsc_deadline_timer aes xsave avx lahf_lm ida arat epb xsaveopt pln pts dtherm tpr_shadow vnmi flexpriority ept vpid
bogomips	: 6621.43
clflush size	: 64
cache_alignment	: 64
address sizes	: 36 bits physical, 48 bits virtual
power management:

processor	: 3
vendor_id	: GenuineIntel
cpu family	: 6
model		: 42
model name	: Intel(R) Core(TM) i5-2500K CPU @ 3.30GHz
stepping	: 7
microcode	: 0x14
cpu MHz		: 3301.000
cache size	: 6144 KB
physical id	: 0
siblings	: 4
core id		: 3
cpu cores	: 4
apicid		: 6
initial apicid	: 6
fpu		: yes
fpu_exception	: yes
cpuid level	: 13
wp		: yes
flags		: fpu vme de pse tsc msr pae mce cx8 apic sep mtrr pge mca cmov pat pse36 clflush dts acpi mmx fxsr sse sse2 ss ht tm pbe syscall nx rdtscp lm constant_tsc arch_perfmon pebs bts rep_good nopl xtopology nonstop_tsc aperfmperf pni pclmulqdq dtes64 monitor ds_cpl vmx est tm2 ssse3 cx16 xtpr pdcm pcid sse4_1 sse4_2 popcnt tsc_deadline_timer aes xsave avx lahf_lm ida arat epb xsaveopt pln pts dtherm tpr_shadow vnmi flexpriority ept vpid
bogomips	: 6621.41
clflush size	: 64
cache_alignment	: 64
address sizes	: 36 bits physical, 48 bits virtual
power management:



Memory: 4k page, physical 8154884k(3837092k free), swap 8363004k(8363004k free)

vm_info: Java HotSpot(TM) 64-Bit Server VM (25.5-b02) for linux-amd64 JRE (1.8.0_05-b13), built on Mar 18 2014 00:29:27 by "java_re" with gcc 4.3.0 20080428 (Red Hat 4.3.0-8)

time: Tue May 13 15:07:07 2014
elapsed time: 0 seconds

