#
# A fatal error has been detected by the Java Runtime Environment:
#
#  Internal Error (javaClasses.cpp:124), pid=26514, tid=140640129939200
#  fatal error: Invalid layout of preloaded class
#
# JRE version:  (8.0_05-b13) (build )
# Java VM: Java HotSpot(TM) 64-Bit Server VM (25.5-b02 mixed mode linux-amd64 compressed oops)
# Failed to write core dump. Core dumps have been disabled. To enable core dumping, try "ulimit -c unlimited" before starting Java again
#
# If you would like to submit a bug report, please visit:
#   http://bugreport.sun.com/bugreport/crash.jsp
#

---------------  T H R E A D  ---------------

Current thread (0x00007fe94c00c000):  JavaThread "Unknown thread" [_thread_in_vm, id=26517, stack(0x00007fe954ec7000,0x00007fe954fc8000)]

Stack: [0x00007fe954ec7000,0x00007fe954fc8000],  sp=0x00007fe954fc67e0,  free space=1021k
Native frames: (J=compiled Java code, j=interpreted, Vv=VM code, C=native code)
V  [libjvm.so+0xa2f43a]  VMError::report_and_die()+0x2ca
V  [libjvm.so+0x4b2809]  report_fatal(char const*, int, char const*)+0x59
V  [libjvm.so+0x63016c]  compute_offset(int&, Klass*, Symbol*, Symbol*, bool)+0x20c
V  [libjvm.so+0x630f19]  java_lang_String::compute_offsets()+0x39
V  [libjvm.so+0x9aeb46]  SystemDictionary::initialize_preloaded_classes(Thread*)+0x86
V  [libjvm.so+0x9fc79c]  Universe::genesis(Thread*)+0x3cc
V  [libjvm.so+0x9fca4c]  universe2_init()+0x2c
V  [libjvm.so+0x5d461d]  init_globals()+0xbd
V  [libjvm.so+0x9e44ad]  Threads::create_vm(JavaVMInitArgs*, bool*)+0x24d
V  [libjvm.so+0x6659f4]  JNI_CreateJavaVM+0x74
C  [libjli.so+0x703e]  JavaMain+0x9e


---------------  P R O C E S S  ---------------

Java Threads: ( => current thread )

Other Threads:

=>0x00007fe94c00c000 (exited) JavaThread "Unknown thread" [_thread_in_vm, id=26517, stack(0x00007fe954ec7000,0x00007fe954fc8000)]

VM state:not at safepoint (not fully initialized)

VM Mutex/Monitor currently owned by a thread: None

GC Heap History (0 events):
No events

Deoptimization events (0 events):
No events

Internal exceptions (0 events):
No events

Events (10 events):
Event: 0.006 loading class java/lang/CharSequence done
Event: 0.006 loading class java/lang/String done
Event: 0.006 loading class java/lang/Class
Event: 0.006 loading class java/lang/reflect/AnnotatedElement
Event: 0.006 loading class java/lang/reflect/AnnotatedElement done
Event: 0.006 loading class java/lang/reflect/GenericDeclaration
Event: 0.006 loading class java/lang/reflect/GenericDeclaration done
Event: 0.006 loading class java/lang/reflect/Type
Event: 0.006 loading class java/lang/reflect/Type done
Event: 0.006 loading class java/lang/Class done


Dynamic libraries:
00400000-00401000 r-xp 00000000 08:05 3805286                            /usr/lib/jvm/java-8-oracle/bin/java
00600000-00601000 rw-p 00000000 08:05 3805286                            /usr/lib/jvm/java-8-oracle/bin/java
01988000-019a9000 rw-p 00000000 00:00 0                                  [heap]
83800000-8b480000 rw-p 00000000 00:00 0 
8b480000-d6800000 ---p 00000000 00:00 0 
d6800000-d6980000 rw-p 00000000 00:00 0 
d6980000-100000000 ---p 00000000 00:00 0 
100000000-100060000 rw-p 00000000 00:00 0 
100060000-140000000 ---p 00000000 00:00 0 
7fe91c000000-7fe91c021000 rw-p 00000000 00:00 0 
7fe91c021000-7fe920000000 ---p 00000000 00:00 0 
7fe924000000-7fe924021000 rw-p 00000000 00:00 0 
7fe924021000-7fe928000000 ---p 00000000 00:00 0 
7fe92c000000-7fe92c021000 rw-p 00000000 00:00 0 
7fe92c021000-7fe930000000 ---p 00000000 00:00 0 
7fe9311c0000-7fe935000000 rw-p 00000000 00:00 0 
7fe938000000-7fe938021000 rw-p 00000000 00:00 0 
7fe938021000-7fe93c000000 ---p 00000000 00:00 0 
7fe93c800000-7fe93cc00000 rw-p 00000000 00:00 0 
7fe93cc00000-7fe93d000000 ---p 00000000 00:00 0 
7fe93d000000-7fe93d270000 rwxp 00000000 00:00 0 
7fe93d270000-7fe94c000000 ---p 00000000 00:00 0 
7fe94c000000-7fe94c053000 rw-p 00000000 00:00 0 
7fe94c053000-7fe950000000 ---p 00000000 00:00 0 
7fe950190000-7fe950421000 rw-p 00000000 00:00 0 
7fe950421000-7fe9504f8000 r--s 013fe000 08:05 8002476                    /home/niek/Developer/adt-bundle-linux-x86_64-20140321/sdk/platforms/android-19/android.jar
7fe9504f8000-7fe950952000 rw-p 00000000 00:00 0 
7fe950952000-7fe950953000 ---p 00000000 00:00 0 
7fe950953000-7fe950a53000 rw-p 00000000 00:00 0 
7fe950a53000-7fe950a54000 ---p 00000000 00:00 0 
7fe950a54000-7fe950b54000 rw-p 00000000 00:00 0 
7fe950b54000-7fe950b55000 ---p 00000000 00:00 0 
7fe950b55000-7fe950c55000 rw-p 00000000 00:00 0 
7fe950c55000-7fe950c56000 ---p 00000000 00:00 0 
7fe950c56000-7fe950d95000 rw-p 00000000 00:00 0 
7fe950d95000-7fe950fee000 ---p 00000000 00:00 0 
7fe950fee000-7fe95102d000 rw-p 00000000 00:00 0 
7fe95102d000-7fe951286000 ---p 00000000 00:00 0 
7fe951286000-7fe951287000 rw-p 00000000 00:00 0 
7fe951287000-7fe9513d2000 ---p 00000000 00:00 0 
7fe9513d2000-7fe9513dd000 rw-p 00000000 00:00 0 
7fe9513dd000-7fe951793000 ---p 00000000 00:00 0 
7fe951793000-7fe9517af000 r-xp 00000000 08:05 3935275                    /usr/lib/jvm/java-8-oracle/jre/lib/amd64/libzip.so
7fe9517af000-7fe9519ae000 ---p 0001c000 08:05 3935275                    /usr/lib/jvm/java-8-oracle/jre/lib/amd64/libzip.so
7fe9519ae000-7fe9519af000 rw-p 0001b000 08:05 3935275                    /usr/lib/jvm/java-8-oracle/jre/lib/amd64/libzip.so
7fe9519af000-7fe9519bb000 r-xp 00000000 08:05 5243001                    /lib/x86_64-linux-gnu/libnss_files-2.15.so
7fe9519bb000-7fe951bba000 ---p 0000c000 08:05 5243001                    /lib/x86_64-linux-gnu/libnss_files-2.15.so
7fe951bba000-7fe951bbb000 r--p 0000b000 08:05 5243001                    /lib/x86_64-linux-gnu/libnss_files-2.15.so
7fe951bbb000-7fe951bbc000 rw-p 0000c000 08:05 5243001                    /lib/x86_64-linux-gnu/libnss_files-2.15.so
7fe951bbc000-7fe951bc6000 r-xp 00000000 08:05 5243005                    /lib/x86_64-linux-gnu/libnss_nis-2.15.so
7fe951bc6000-7fe951dc6000 ---p 0000a000 08:05 5243005                    /lib/x86_64-linux-gnu/libnss_nis-2.15.so
7fe951dc6000-7fe951dc7000 r--p 0000a000 08:05 5243005                    /lib/x86_64-linux-gnu/libnss_nis-2.15.so
7fe951dc7000-7fe951dc8000 rw-p 0000b000 08:05 5243005                    /lib/x86_64-linux-gnu/libnss_nis-2.15.so
7fe951dc8000-7fe951ddf000 r-xp 00000000 08:05 5246926                    /lib/x86_64-linux-gnu/libnsl-2.15.so
7fe951ddf000-7fe951fde000 ---p 00017000 08:05 5246926                    /lib/x86_64-linux-gnu/libnsl-2.15.so
7fe951fde000-7fe951fdf000 r--p 00016000 08:05 5246926                    /lib/x86_64-linux-gnu/libnsl-2.15.so
7fe951fdf000-7fe951fe0000 rw-p 00017000 08:05 5246926                    /lib/x86_64-linux-gnu/libnsl-2.15.so
7fe951fe0000-7fe951fe2000 rw-p 00000000 00:00 0 
7fe951fe2000-7fe951fea000 r-xp 00000000 08:05 5242999                    /lib/x86_64-linux-gnu/libnss_compat-2.15.so
7fe951fea000-7fe9521e9000 ---p 00008000 08:05 5242999                    /lib/x86_64-linux-gnu/libnss_compat-2.15.so
7fe9521e9000-7fe9521ea000 r--p 00007000 08:05 5242999                    /lib/x86_64-linux-gnu/libnss_compat-2.15.so
7fe9521ea000-7fe9521eb000 rw-p 00008000 08:05 5242999                    /lib/x86_64-linux-gnu/libnss_compat-2.15.so
7fe9521eb000-7fe952729000 r--p 00000000 08:05 3805220                    /usr/lib/locale/locale-archive
7fe952729000-7fe95272c000 r-xp 00000000 08:05 3935241                    /usr/lib/jvm/java-8-oracle/jre/lib/amd64/libnpt.so
7fe95272c000-7fe95292b000 ---p 00003000 08:05 3935241                    /usr/lib/jvm/java-8-oracle/jre/lib/amd64/libnpt.so
7fe95292b000-7fe95292c000 rw-p 00002000 08:05 3935241                    /usr/lib/jvm/java-8-oracle/jre/lib/amd64/libnpt.so
7fe95292c000-7fe952965000 r-xp 00000000 08:05 3935252                    /usr/lib/jvm/java-8-oracle/jre/lib/amd64/libjdwp.so
7fe952965000-7fe952b64000 ---p 00039000 08:05 3935252                    /usr/lib/jvm/java-8-oracle/jre/lib/amd64/libjdwp.so
7fe952b64000-7fe952b66000 rw-p 00038000 08:05 3935252                    /usr/lib/jvm/java-8-oracle/jre/lib/amd64/libjdwp.so
7fe952b66000-7fe952b90000 r-xp 00000000 08:05 3935265                    /usr/lib/jvm/java-8-oracle/jre/lib/amd64/libjava.so
7fe952b90000-7fe952d90000 ---p 0002a000 08:05 3935265                    /usr/lib/jvm/java-8-oracle/jre/lib/amd64/libjava.so
7fe952d90000-7fe952d92000 rw-p 0002a000 08:05 3935265                    /usr/lib/jvm/java-8-oracle/jre/lib/amd64/libjava.so
7fe952d92000-7fe952d9f000 r-xp 00000000 08:05 3935268                    /usr/lib/jvm/java-8-oracle/jre/lib/amd64/libverify.so
7fe952d9f000-7fe952f9f000 ---p 0000d000 08:05 3935268                    /usr/lib/jvm/java-8-oracle/jre/lib/amd64/libverify.so
7fe952f9f000-7fe952fa1000 rw-p 0000d000 08:05 3935268                    /usr/lib/jvm/java-8-oracle/jre/lib/amd64/libverify.so
7fe952fa1000-7fe952fa8000 r-xp 00000000 08:05 5243004                    /lib/x86_64-linux-gnu/librt-2.15.so
7fe952fa8000-7fe9531a7000 ---p 00007000 08:05 5243004                    /lib/x86_64-linux-gnu/librt-2.15.so
7fe9531a7000-7fe9531a8000 r--p 00006000 08:05 5243004                    /lib/x86_64-linux-gnu/librt-2.15.so
7fe9531a8000-7fe9531a9000 rw-p 00007000 08:05 5243004                    /lib/x86_64-linux-gnu/librt-2.15.so
7fe9531a9000-7fe9532a4000 r-xp 00000000 08:05 5243008                    /lib/x86_64-linux-gnu/libm-2.15.so
7fe9532a4000-7fe9534a3000 ---p 000fb000 08:05 5243008                    /lib/x86_64-linux-gnu/libm-2.15.so
7fe9534a3000-7fe9534a4000 r--p 000fa000 08:05 5243008                    /lib/x86_64-linux-gnu/libm-2.15.so
7fe9534a4000-7fe9534a5000 rw-p 000fb000 08:05 5243008                    /lib/x86_64-linux-gnu/libm-2.15.so
7fe9534a5000-7fe9540bf000 r-xp 00000000 08:05 3935280                    /usr/lib/jvm/java-8-oracle/jre/lib/amd64/server/libjvm.so
7fe9540bf000-7fe9542be000 ---p 00c1a000 08:05 3935280                    /usr/lib/jvm/java-8-oracle/jre/lib/amd64/server/libjvm.so
7fe9542be000-7fe954387000 rw-p 00c19000 08:05 3935280                    /usr/lib/jvm/java-8-oracle/jre/lib/amd64/server/libjvm.so
7fe954387000-7fe9543c8000 rw-p 00000000 00:00 0 
7fe9543c8000-7fe95457d000 r-xp 00000000 08:05 5242892                    /lib/x86_64-linux-gnu/libc-2.15.so
7fe95457d000-7fe95477d000 ---p 001b5000 08:05 5242892                    /lib/x86_64-linux-gnu/libc-2.15.so
7fe95477d000-7fe954781000 r--p 001b5000 08:05 5242892                    /lib/x86_64-linux-gnu/libc-2.15.so
7fe954781000-7fe954783000 rw-p 001b9000 08:05 5242892                    /lib/x86_64-linux-gnu/libc-2.15.so
7fe954783000-7fe954788000 rw-p 00000000 00:00 0 
7fe954788000-7fe95478a000 r-xp 00000000 08:05 5243012                    /lib/x86_64-linux-gnu/libdl-2.15.so
7fe95478a000-7fe95498a000 ---p 00002000 08:05 5243012                    /lib/x86_64-linux-gnu/libdl-2.15.so
7fe95498a000-7fe95498b000 r--p 00002000 08:05 5243012                    /lib/x86_64-linux-gnu/libdl-2.15.so
7fe95498b000-7fe95498c000 rw-p 00003000 08:05 5243012                    /lib/x86_64-linux-gnu/libdl-2.15.so
7fe95498c000-7fe9549a3000 r-xp 00000000 08:05 3940791                    /usr/lib/jvm/java-8-oracle/lib/amd64/jli/libjli.so
7fe9549a3000-7fe954ba2000 ---p 00017000 08:05 3940791                    /usr/lib/jvm/java-8-oracle/lib/amd64/jli/libjli.so
7fe954ba2000-7fe954ba3000 rw-p 00016000 08:05 3940791                    /usr/lib/jvm/java-8-oracle/lib/amd64/jli/libjli.so
7fe954ba3000-7fe954bbb000 r-xp 00000000 08:05 5243006                    /lib/x86_64-linux-gnu/libpthread-2.15.so
7fe954bbb000-7fe954dba000 ---p 00018000 08:05 5243006                    /lib/x86_64-linux-gnu/libpthread-2.15.so
7fe954dba000-7fe954dbb000 r--p 00017000 08:05 5243006                    /lib/x86_64-linux-gnu/libpthread-2.15.so
7fe954dbb000-7fe954dbc000 rw-p 00018000 08:05 5243006                    /lib/x86_64-linux-gnu/libpthread-2.15.so
7fe954dbc000-7fe954dc0000 rw-p 00000000 00:00 0 
7fe954dc0000-7fe954de2000 r-xp 00000000 08:05 5243009                    /lib/x86_64-linux-gnu/ld-2.15.so
7fe954e1d000-7fe954ec7000 rw-p 00000000 00:00 0 
7fe954ec7000-7fe954eca000 ---p 00000000 00:00 0 
7fe954eca000-7fe954fcc000 rw-p 00000000 00:00 0 
7fe954fd6000-7fe954fde000 rw-s 00000000 08:05 12976202                   /tmp/hsperfdata_niek/26514
7fe954fde000-7fe954fdf000 rw-p 00000000 00:00 0 
7fe954fdf000-7fe954fe0000 r--p 00000000 00:00 0 
7fe954fe0000-7fe954fe2000 rw-p 00000000 00:00 0 
7fe954fe2000-7fe954fe3000 r--p 00022000 08:05 5243009                    /lib/x86_64-linux-gnu/ld-2.15.so
7fe954fe3000-7fe954fe5000 rw-p 00023000 08:05 5243009                    /lib/x86_64-linux-gnu/ld-2.15.so
7fff5a5c7000-7fff5a5e8000 rw-p 00000000 00:00 0                          [stack]
7fff5a5ff000-7fff5a600000 r-xp 00000000 00:00 0                          [vdso]
ffffffffff600000-ffffffffff601000 r-xp 00000000 00:00 0                  [vsyscall]

VM Arguments:
jvm_args: -agentlib:jdwp=transport=dt_socket,suspend=y,address=localhost:36646 -Dfile.encoding=UTF-8 -Xbootclasspath:/home/niek/Developer/adt-bundle-linux-x86_64-20140321/sdk/platforms/android-19/android.jar 
java_command: com.ilmoitus.listener.ManagerOnItemSelectedListener
java_class_path (initial): /home/niek/Documents/ilmoitus/ilmoitus_mobile/Android/libs/android-support-v4.jar:/home/niek/Documents/ilmoitus/ilmoitus_mobile/Android/bin/classes
Launcher Type: SUN_STANDARD

Environment Variables:
PATH=/usr/lib/lightdm/lightdm:/usr/local/sbin:/usr/local/bin:/usr/sbin:/usr/bin:/sbin:/bin:/usr/games
SHELL=/bin/bash
DISPLAY=:0

Signal Handlers:
SIGSEGV: [libjvm.so+0xa2fc90], sa_mask[0]=0x7ffbfeff, sa_flags=0x10000004
SIGBUS: [libjvm.so+0xa2fc90], sa_mask[0]=0x7ffbfeff, sa_flags=0x10000004
SIGFPE: [libjvm.so+0x89b4b0], sa_mask[0]=0x7ffbfeff, sa_flags=0x10000004
SIGPIPE: [libjvm.so+0x89b4b0], sa_mask[0]=0x7ffbfeff, sa_flags=0x10000004
SIGXFSZ: [libjvm.so+0x89b4b0], sa_mask[0]=0x7ffbfeff, sa_flags=0x10000004
SIGILL: [libjvm.so+0x89b4b0], sa_mask[0]=0x7ffbfeff, sa_flags=0x10000004
SIGUSR1: SIG_DFL, sa_mask[0]=0x00000000, sa_flags=0x00000000
SIGUSR2: [libjvm.so+0x89cc50], sa_mask[0]=0x00000004, sa_flags=0x10000004
SIGHUP: SIG_DFL, sa_mask[0]=0x00000000, sa_flags=0x00000000
SIGINT: SIG_DFL, sa_mask[0]=0x00000000, sa_flags=0x00000000
SIGTERM: SIG_DFL, sa_mask[0]=0x00000000, sa_flags=0x00000000
SIGQUIT: SIG_DFL, sa_mask[0]=0x00000000, sa_flags=0x00000000


---------------  S Y S T E M  ---------------

OS:DISTRIB_ID="elementary OS"
DISTRIB_RELEASE=0.2
DISTRIB_CODENAME=luna
DISTRIB_DESCRIPTION="elementary OS Luna"

uname:Linux 3.2.0-61-generic #93-Ubuntu SMP Fri May 2 21:31:50 UTC 2014 x86_64
libc:glibc 2.15 NPTL 2.15 
rlimit: STACK 8192k, CORE 0k, NPROC 63526, NOFILE 4096, AS infinity
load average:0.79 0.70 0.62

/proc/meminfo:
MemTotal:        8154884 kB
MemFree:         4875976 kB
Buffers:          192628 kB
Cached:          1302236 kB
SwapCached:            0 kB
Active:          2050444 kB
Inactive:         880008 kB
Active(anon):    1436732 kB
Inactive(anon):    10508 kB
Active(file):     613712 kB
Inactive(file):   869500 kB
Unevictable:          16 kB
Mlocked:              16 kB
SwapTotal:       8363004 kB
SwapFree:        8363004 kB
Dirty:               600 kB
Writeback:             0 kB
AnonPages:       1436072 kB
Mapped:           183892 kB
Shmem:             11656 kB
Slab:             105488 kB
SReclaimable:      75296 kB
SUnreclaim:        30192 kB
KernelStack:        3584 kB
PageTables:        24888 kB
NFS_Unstable:          0 kB
Bounce:                0 kB
WritebackTmp:          0 kB
CommitLimit:    12440444 kB
Committed_AS:    3769320 kB
VmallocTotal:   34359738367 kB
VmallocUsed:      106736 kB
VmallocChunk:   34359614192 kB
HardwareCorrupted:     0 kB
AnonHugePages:         0 kB
HugePages_Total:       0
HugePages_Free:        0
HugePages_Rsvd:        0
HugePages_Surp:        0
Hugepagesize:       2048 kB
DirectMap4k:      208896 kB
DirectMap2M:     8163328 kB


CPU:total 4 (4 cores per cpu, 1 threads per core) family 6 model 42 stepping 7, cmov, cx8, fxsr, mmx, sse, sse2, sse3, ssse3, sse4.1, sse4.2, popcnt, avx, aes, clmul, tsc, tscinvbit

/proc/cpuinfo:
processor	: 0
vendor_id	: GenuineIntel
cpu family	: 6
model		: 42
model name	: Intel(R) Core(TM) i5-2500K CPU @ 3.30GHz
stepping	: 7
microcode	: 0x14
cpu MHz		: 3000.000
cache size	: 6144 KB
physical id	: 0
siblings	: 4
core id		: 0
cpu cores	: 4
apicid		: 0
initial apicid	: 0
fpu		: yes
fpu_exception	: yes
cpuid level	: 13
wp		: yes
flags		: fpu vme de pse tsc msr pae mce cx8 apic sep mtrr pge mca cmov pat pse36 clflush dts acpi mmx fxsr sse sse2 ss ht tm pbe syscall nx rdtscp lm constant_tsc arch_perfmon pebs bts rep_good nopl xtopology nonstop_tsc aperfmperf pni pclmulqdq dtes64 monitor ds_cpl vmx est tm2 ssse3 cx16 xtpr pdcm pcid sse4_1 sse4_2 popcnt tsc_deadline_timer aes xsave avx lahf_lm ida arat epb xsaveopt pln pts dtherm tpr_shadow vnmi flexpriority ept vpid
bogomips	: 6621.22
clflush size	: 64
cache_alignment	: 64
address sizes	: 36 bits physical, 48 bits virtual
power management:

processor	: 1
vendor_id	: GenuineIntel
cpu family	: 6
model		: 42
model name	: Intel(R) Core(TM) i5-2500K CPU @ 3.30GHz
stepping	: 7
microcode	: 0x14
cpu MHz		: 3301.000
cache size	: 6144 KB
physical id	: 0
siblings	: 4
core id		: 1
cpu cores	: 4
apicid		: 2
initial apicid	: 2
fpu		: yes
fpu_exception	: yes
cpuid level	: 13
wp		: yes
flags		: fpu vme de pse tsc msr pae mce cx8 apic sep mtrr pge mca cmov pat pse36 clflush dts acpi mmx fxsr sse sse2 ss ht tm pbe syscall nx rdtscp lm constant_tsc arch_perfmon pebs bts rep_good nopl xtopology nonstop_tsc aperfmperf pni pclmulqdq dtes64 monitor ds_cpl vmx est tm2 ssse3 cx16 xtpr pdcm pcid sse4_1 sse4_2 popcnt tsc_deadline_timer aes xsave avx lahf_lm ida arat epb xsaveopt pln pts dtherm tpr_shadow vnmi flexpriority ept vpid
bogomips	: 6621.42
clflush size	: 64
cache_alignment	: 64
address sizes	: 36 bits physical, 48 bits virtual
power management:

processor	: 2
vendor_id	: GenuineIntel
cpu family	: 6
model		: 42
model name	: Intel(R) Core(TM) i5-2500K CPU @ 3.30GHz
stepping	: 7
microcode	: 0x14
cpu MHz		: 3200.000
cache size	: 6144 KB
physical id	: 0
siblings	: 4
core id		: 2
cpu cores	: 4
apicid		: 4
initial apicid	: 4
fpu		: yes
fpu_exception	: yes
cpuid level	: 13
wp		: yes
flags		: fpu vme de pse tsc msr pae mce cx8 apic sep mtrr pge mca cmov pat pse36 clflush dts acpi mmx fxsr sse sse2 ss ht tm pbe syscall nx rdtscp lm constant_tsc arch_perfmon pebs bts rep_good nopl xtopology nonstop_tsc aperfmperf pni pclmulqdq dtes64 monitor ds_cpl vmx est tm2 ssse3 cx16 xtpr pdcm pcid sse4_1 sse4_2 popcnt tsc_deadline_timer aes xsave avx lahf_lm ida arat epb xsaveopt pln pts dtherm tpr_shadow vnmi flexpriority ept vpid
bogomips	: 6621.43
clflush size	: 64
cache_alignment	: 64
address sizes	: 36 bits physical, 48 bits virtual
power management:

processor	: 3
vendor_id	: GenuineIntel
cpu family	: 6
model		: 42
model name	: Intel(R) Core(TM) i5-2500K CPU @ 3.30GHz
stepping	: 7
microcode	: 0x14
cpu MHz		: 2200.000
cache size	: 6144 KB
physical id	: 0
siblings	: 4
core id		: 3
cpu cores	: 4
apicid		: 6
initial apicid	: 6
fpu		: yes
fpu_exception	: yes
cpuid level	: 13
wp		: yes
flags		: fpu vme de pse tsc msr pae mce cx8 apic sep mtrr pge mca cmov pat pse36 clflush dts acpi mmx fxsr sse sse2 ss ht tm pbe syscall nx rdtscp lm constant_tsc arch_perfmon pebs bts rep_good nopl xtopology nonstop_tsc aperfmperf pni pclmulqdq dtes64 monitor ds_cpl vmx est tm2 ssse3 cx16 xtpr pdcm pcid sse4_1 sse4_2 popcnt tsc_deadline_timer aes xsave avx lahf_lm ida arat epb xsaveopt pln pts dtherm tpr_shadow vnmi flexpriority ept vpid
bogomips	: 6621.41
clflush size	: 64
cache_alignment	: 64
address sizes	: 36 bits physical, 48 bits virtual
power management:



Memory: 4k page, physical 8154884k(4875976k free), swap 8363004k(8363004k free)

vm_info: Java HotSpot(TM) 64-Bit Server VM (25.5-b02) for linux-amd64 JRE (1.8.0_05-b13), built on Mar 18 2014 00:29:27 by "java_re" with gcc 4.3.0 20080428 (Red Hat 4.3.0-8)

time: Tue May 13 15:08:46 2014
elapsed time: 0 seconds

